{"/Users/hermit/mvp/client/components/AbsentStory.jsx": {"path":"/Users/hermit/mvp/client/components/AbsentStory.jsx","statementMap":{"0":{"start":{"line":6,"column":20},"end":{"line":48,"column":1}},"1":{"start":{"line":18,"column":6},"end":{"line":18,"column":11}},"2":{"start":{"line":19,"column":2},"end":{"line":47,"column":4}},"3":{"start":{"line":49,"column":0},"end":{"line":59,"column":2}},"4":{"start":{"line":60,"column":0},"end":{"line":70,"column":2}}},"fnMap":{"0":{"name":"(anonymous_0)","decl":{"start":{"line":6,"column":20},"end":{"line":6,"column":21}},"loc":{"start":{"line":6,"column":31},"end":{"line":48,"column":1}},"line":6}},"branchMap":{"0":{"loc":{"start":{"line":21,"column":7},"end":{"line":31,"column":19}},"type":"cond-expr","locations":[{"start":{"line":23,"column":10},"end":{"line":30,"column":16}},{"start":{"line":31,"column":12},"end":{"line":31,"column":19}}],"line":21},"1":{"loc":{"start":{"line":32,"column":7},"end":{"line":45,"column":19}},"type":"cond-expr","locations":[{"start":{"line":34,"column":10},"end":{"line":44,"column":16}},{"start":{"line":45,"column":12},"end":{"line":45,"column":19}}],"line":32}},"s":{"0":2,"1":5,"2":5,"3":2,"4":2},"f":{"0":5},"b":{"0":[1,4],"1":[1,4]},"_coverageSchema":"1a1c01bbd47fc00a2c39e90264f33305004495a9","hash":"1f4d45aac751f1e8ea3fdf1a747900b22536be29"}
,"/Users/hermit/mvp/client/components/App.jsx": {"path":"/Users/hermit/mvp/client/components/App.jsx","statementMap":{"0":{"start":{"line":11,"column":20},"end":{"line":11,"column":74}},"1":{"start":{"line":12,"column":19},"end":{"line":12,"column":41}},"2":{"start":{"line":13,"column":4},"end":{"line":13,"column":20}},"3":{"start":{"line":17,"column":4},"end":{"line":17,"column":17}},"4":{"start":{"line":18,"column":4},"end":{"line":51,"column":6}},"5":{"start":{"line":52,"column":4},"end":{"line":52,"column":47}},"6":{"start":{"line":53,"column":4},"end":{"line":53,"column":61}},"7":{"start":{"line":54,"column":4},"end":{"line":54,"column":55}},"8":{"start":{"line":55,"column":4},"end":{"line":55,"column":75}},"9":{"start":{"line":56,"column":4},"end":{"line":56,"column":45}},"10":{"start":{"line":57,"column":4},"end":{"line":57,"column":67}},"11":{"start":{"line":58,"column":4},"end":{"line":58,"column":59}},"12":{"start":{"line":59,"column":4},"end":{"line":59,"column":59}},"13":{"start":{"line":60,"column":4},"end":{"line":60,"column":59}},"14":{"start":{"line":61,"column":4},"end":{"line":61,"column":65}},"15":{"start":{"line":62,"column":4},"end":{"line":62,"column":57}},"16":{"start":{"line":63,"column":4},"end":{"line":63,"column":69}},"17":{"start":{"line":64,"column":4},"end":{"line":64,"column":59}},"18":{"start":{"line":74,"column":4},"end":{"line":74,"column":27}},"19":{"start":{"line":83,"column":4},"end":{"line":89,"column":7}},"20":{"start":{"line":98,"column":4},"end":{"line":104,"column":7}},"21":{"start":{"line":113,"column":4},"end":{"line":116,"column":7}},"22":{"start":{"line":125,"column":4},"end":{"line":128,"column":7}},"23":{"start":{"line":137,"column":4},"end":{"line":140,"column":7}},"24":{"start":{"line":149,"column":4},"end":{"line":149,"column":37}},"25":{"start":{"line":150,"column":4},"end":{"line":157,"column":7}},"26":{"start":{"line":161,"column":18},"end":{"line":161,"column":82}},"27":{"start":{"line":162,"column":4},"end":{"line":179,"column":9}},"28":{"start":{"line":163,"column":6},"end":{"line":174,"column":9}},"29":{"start":{"line":178,"column":8},"end":{"line":178,"column":48}},"30":{"start":{"line":180,"column":4},"end":{"line":180,"column":19}},"31":{"start":{"line":189,"column":4},"end":{"line":192,"column":7}},"32":{"start":{"line":196,"column":27},"end":{"line":196,"column":37}},"33":{"start":{"line":197,"column":20},"end":{"line":205,"column":6}},"34":{"start":{"line":206,"column":19},"end":{"line":209,"column":6}},"35":{"start":{"line":208,"column":6},"end":{"line":208,"column":35}},"36":{"start":{"line":210,"column":20},"end":{"line":212,"column":6}},"37":{"start":{"line":211,"column":6},"end":{"line":211,"column":48}},"38":{"start":{"line":213,"column":4},"end":{"line":213,"column":29}},"39":{"start":{"line":223,"column":29},"end":{"line":223,"column":39}},"40":{"start":{"line":224,"column":20},"end":{"line":231,"column":6}},"41":{"start":{"line":232,"column":19},"end":{"line":235,"column":6}},"42":{"start":{"line":234,"column":6},"end":{"line":234,"column":35}},"43":{"start":{"line":236,"column":20},"end":{"line":238,"column":6}},"44":{"start":{"line":237,"column":6},"end":{"line":237,"column":51}},"45":{"start":{"line":239,"column":4},"end":{"line":239,"column":29}},"46":{"start":{"line":249,"column":26},"end":{"line":249,"column":38}},"47":{"start":{"line":250,"column":4},"end":{"line":252,"column":7}},"48":{"start":{"line":263,"column":4},"end":{"line":263,"column":22}},"49":{"start":{"line":264,"column":4},"end":{"line":264,"column":22}},"50":{"start":{"line":298,"column":8},"end":{"line":298,"column":18}},"51":{"start":{"line":299,"column":4},"end":{"line":380,"column":6}}},"fnMap":{"0":{"name":"(anonymous_0)","decl":{"start":{"line":10,"column":2},"end":{"line":10,"column":3}},"loc":{"start":{"line":10,"column":36},"end":{"line":14,"column":3}},"line":10},"1":{"name":"(anonymous_1)","decl":{"start":{"line":12,"column":32},"end":{"line":12,"column":33}},"loc":{"start":{"line":12,"column":38},"end":{"line":12,"column":40}},"line":12},"2":{"name":"(anonymous_2)","decl":{"start":{"line":16,"column":2},"end":{"line":16,"column":3}},"loc":{"start":{"line":16,"column":21},"end":{"line":65,"column":3}},"line":16},"3":{"name":"(anonymous_3)","decl":{"start":{"line":72,"column":2},"end":{"line":72,"column":3}},"loc":{"start":{"line":72,"column":27},"end":{"line":75,"column":3}},"line":72},"4":{"name":"(anonymous_4)","decl":{"start":{"line":82,"column":2},"end":{"line":82,"column":3}},"loc":{"start":{"line":82,"column":14},"end":{"line":90,"column":3}},"line":82},"5":{"name":"(anonymous_5)","decl":{"start":{"line":97,"column":2},"end":{"line":97,"column":3}},"loc":{"start":{"line":97,"column":21},"end":{"line":105,"column":3}},"line":97},"6":{"name":"(anonymous_6)","decl":{"start":{"line":112,"column":2},"end":{"line":112,"column":3}},"loc":{"start":{"line":112,"column":18},"end":{"line":117,"column":3}},"line":112},"7":{"name":"(anonymous_7)","decl":{"start":{"line":124,"column":2},"end":{"line":124,"column":3}},"loc":{"start":{"line":124,"column":28},"end":{"line":129,"column":3}},"line":124},"8":{"name":"(anonymous_8)","decl":{"start":{"line":136,"column":2},"end":{"line":136,"column":3}},"loc":{"start":{"line":136,"column":13},"end":{"line":141,"column":3}},"line":136},"9":{"name":"(anonymous_9)","decl":{"start":{"line":148,"column":2},"end":{"line":148,"column":3}},"loc":{"start":{"line":148,"column":32},"end":{"line":158,"column":3}},"line":148},"10":{"name":"(anonymous_10)","decl":{"start":{"line":160,"column":2},"end":{"line":160,"column":3}},"loc":{"start":{"line":160,"column":28},"end":{"line":181,"column":3}},"line":160},"11":{"name":"(anonymous_11)","decl":{"start":{"line":162,"column":27},"end":{"line":162,"column":28}},"loc":{"start":{"line":162,"column":36},"end":{"line":175,"column":5}},"line":162},"12":{"name":"(anonymous_12)","decl":{"start":{"line":176,"column":13},"end":{"line":176,"column":14}},"loc":{"start":{"line":176,"column":22},"end":{"line":179,"column":7}},"line":176},"13":{"name":"(anonymous_13)","decl":{"start":{"line":188,"column":2},"end":{"line":188,"column":3}},"loc":{"start":{"line":188,"column":20},"end":{"line":193,"column":3}},"line":188},"14":{"name":"(anonymous_14)","decl":{"start":{"line":195,"column":2},"end":{"line":195,"column":3}},"loc":{"start":{"line":195,"column":48},"end":{"line":214,"column":3}},"line":195},"15":{"name":"(anonymous_15)","decl":{"start":{"line":206,"column":32},"end":{"line":206,"column":33}},"loc":{"start":{"line":206,"column":38},"end":{"line":209,"column":5}},"line":206},"16":{"name":"(anonymous_16)","decl":{"start":{"line":210,"column":34},"end":{"line":210,"column":35}},"loc":{"start":{"line":210,"column":43},"end":{"line":212,"column":5}},"line":210},"17":{"name":"(anonymous_17)","decl":{"start":{"line":222,"column":2},"end":{"line":222,"column":3}},"loc":{"start":{"line":222,"column":51},"end":{"line":240,"column":3}},"line":222},"18":{"name":"(anonymous_18)","decl":{"start":{"line":232,"column":32},"end":{"line":232,"column":33}},"loc":{"start":{"line":232,"column":38},"end":{"line":235,"column":5}},"line":232},"19":{"name":"(anonymous_19)","decl":{"start":{"line":236,"column":34},"end":{"line":236,"column":35}},"loc":{"start":{"line":236,"column":43},"end":{"line":238,"column":5}},"line":236},"20":{"name":"(anonymous_20)","decl":{"start":{"line":248,"column":2},"end":{"line":248,"column":3}},"loc":{"start":{"line":248,"column":30},"end":{"line":253,"column":3}},"line":248},"21":{"name":"(anonymous_21)","decl":{"start":{"line":261,"column":2},"end":{"line":261,"column":3}},"loc":{"start":{"line":261,"column":23},"end":{"line":265,"column":3}},"line":261},"22":{"name":"(anonymous_22)","decl":{"start":{"line":272,"column":2},"end":{"line":272,"column":3}},"loc":{"start":{"line":272,"column":11},"end":{"line":381,"column":3}},"line":272}},"branchMap":{"0":{"loc":{"start":{"line":213,"column":11},"end":{"line":213,"column":28}},"type":"binary-expr","locations":[{"start":{"line":213,"column":11},"end":{"line":213,"column":17}},{"start":{"line":213,"column":21},"end":{"line":213,"column":28}}],"line":213},"1":{"loc":{"start":{"line":239,"column":11},"end":{"line":239,"column":28}},"type":"binary-expr","locations":[{"start":{"line":239,"column":11},"end":{"line":239,"column":17}},{"start":{"line":239,"column":21},"end":{"line":239,"column":28}}],"line":239},"2":{"loc":{"start":{"line":323,"column":9},"end":{"line":343,"column":16}},"type":"cond-expr","locations":[{"start":{"line":325,"column":12},"end":{"line":341,"column":18}},{"start":{"line":343,"column":12},"end":{"line":343,"column":16}}],"line":323},"3":{"loc":{"start":{"line":344,"column":9},"end":{"line":378,"column":18}},"type":"cond-expr","locations":[{"start":{"line":346,"column":12},"end":{"line":377,"column":18}},{"start":{"line":378,"column":14},"end":{"line":378,"column":18}}],"line":344}},"s":{"0":1,"1":1,"2":1,"3":16,"4":16,"5":16,"6":16,"7":16,"8":16,"9":16,"10":16,"11":16,"12":16,"13":16,"14":16,"15":16,"16":16,"17":16,"18":0,"19":1,"20":1,"21":1,"22":1,"23":1,"24":2,"25":2,"26":2,"27":2,"28":1,"29":1,"30":2,"31":1,"32":2,"33":2,"34":2,"35":1,"36":2,"37":1,"38":2,"39":2,"40":2,"41":2,"42":1,"43":2,"44":1,"45":2,"46":0,"47":0,"48":0,"49":0,"50":25,"51":25},"f":{"0":1,"1":0,"2":16,"3":0,"4":1,"5":1,"6":1,"7":1,"8":1,"9":2,"10":2,"11":1,"12":1,"13":1,"14":2,"15":1,"16":1,"17":2,"18":1,"19":1,"20":0,"21":0,"22":25},"b":{"0":[2,0],"1":[2,0],"2":[2,23],"3":[1,24]},"_coverageSchema":"1a1c01bbd47fc00a2c39e90264f33305004495a9","hash":"3e693a9c2cda9e075aa69ff9a7eec97f1a381165"}
,"/Users/hermit/mvp/client/components/Auth0ProviderWithHistory.jsx": {"path":"/Users/hermit/mvp/client/components/Auth0ProviderWithHistory.jsx","statementMap":{"0":{"start":{"line":5,"column":33},"end":{"line":25,"column":1}},"1":{"start":{"line":6,"column":17},"end":{"line":6,"column":51}},"2":{"start":{"line":7,"column":19},"end":{"line":7,"column":56}},"3":{"start":{"line":9,"column":18},"end":{"line":9,"column":30}},"4":{"start":{"line":11,"column":29},"end":{"line":13,"column":3}},"5":{"start":{"line":12,"column":4},"end":{"line":12,"column":65}},"6":{"start":{"line":15,"column":2},"end":{"line":24,"column":4}}},"fnMap":{"0":{"name":"(anonymous_0)","decl":{"start":{"line":5,"column":33},"end":{"line":5,"column":34}},"loc":{"start":{"line":5,"column":51},"end":{"line":25,"column":1}},"line":5},"1":{"name":"(anonymous_1)","decl":{"start":{"line":11,"column":29},"end":{"line":11,"column":30}},"loc":{"start":{"line":11,"column":43},"end":{"line":13,"column":3}},"line":11}},"branchMap":{"0":{"loc":{"start":{"line":12,"column":17},"end":{"line":12,"column":63}},"type":"binary-expr","locations":[{"start":{"line":12,"column":17},"end":{"line":12,"column":35}},{"start":{"line":12,"column":39},"end":{"line":12,"column":63}}],"line":12}},"s":{"0":1,"1":1,"2":1,"3":1,"4":1,"5":0,"6":1},"f":{"0":1,"1":0},"b":{"0":[0,0]},"_coverageSchema":"1a1c01bbd47fc00a2c39e90264f33305004495a9","hash":"133b79f4b93f3e042097aaedb014fe27171790e2"}
,"/Users/hermit/mvp/client/components/AuthBar.jsx": {"path":"/Users/hermit/mvp/client/components/AuthBar.jsx","statementMap":{"0":{"start":{"line":8,"column":16},"end":{"line":16,"column":1}},"1":{"start":{"line":9,"column":30},"end":{"line":9,"column":40}},"2":{"start":{"line":10,"column":2},"end":{"line":15,"column":4}}},"fnMap":{"0":{"name":"(anonymous_0)","decl":{"start":{"line":8,"column":16},"end":{"line":8,"column":17}},"loc":{"start":{"line":8,"column":22},"end":{"line":16,"column":1}},"line":8}},"branchMap":{"0":{"loc":{"start":{"line":12,"column":7},"end":{"line":13,"column":59}},"type":"cond-expr","locations":[{"start":{"line":12,"column":25},"end":{"line":12,"column":76}},{"start":{"line":13,"column":10},"end":{"line":13,"column":59}}],"line":12}},"s":{"0":2,"1":3,"2":3},"f":{"0":3},"b":{"0":[2,1]},"_coverageSchema":"1a1c01bbd47fc00a2c39e90264f33305004495a9","hash":"523f17a85490aa1112d68ebe85046a6aacc15be1"}
,"/Users/hermit/mvp/client/components/CurrentUser.jsx": {"path":"/Users/hermit/mvp/client/components/CurrentUser.jsx","statementMap":{"0":{"start":{"line":6,"column":23},"end":{"line":16,"column":1}},"1":{"start":{"line":7,"column":42},"end":{"line":7,"column":47}},"2":{"start":{"line":9,"column":2},"end":{"line":15,"column":7}},"3":{"start":{"line":11,"column":6},"end":{"line":11,"column":29}},"4":{"start":{"line":14,"column":6},"end":{"line":14,"column":44}},"5":{"start":{"line":17,"column":0},"end":{"line":20,"column":2}},"6":{"start":{"line":21,"column":0},"end":{"line":24,"column":2}},"7":{"start":{"line":26,"column":20},"end":{"line":45,"column":1}},"8":{"start":{"line":27,"column":36},"end":{"line":27,"column":46}},"9":{"start":{"line":29,"column":2},"end":{"line":31,"column":3}},"10":{"start":{"line":30,"column":4},"end":{"line":30,"column":31}},"11":{"start":{"line":33,"column":2},"end":{"line":44,"column":4}}},"fnMap":{"0":{"name":"(anonymous_0)","decl":{"start":{"line":6,"column":23},"end":{"line":6,"column":24}},"loc":{"start":{"line":6,"column":41},"end":{"line":16,"column":1}},"line":6},"1":{"name":"(anonymous_1)","decl":{"start":{"line":10,"column":10},"end":{"line":10,"column":11}},"loc":{"start":{"line":10,"column":22},"end":{"line":12,"column":5}},"line":10},"2":{"name":"(anonymous_2)","decl":{"start":{"line":13,"column":11},"end":{"line":13,"column":12}},"loc":{"start":{"line":13,"column":20},"end":{"line":15,"column":5}},"line":13},"3":{"name":"(anonymous_3)","decl":{"start":{"line":26,"column":20},"end":{"line":26,"column":21}},"loc":{"start":{"line":26,"column":31},"end":{"line":45,"column":1}},"line":26}},"branchMap":{"0":{"loc":{"start":{"line":29,"column":2},"end":{"line":31,"column":3}},"type":"if","locations":[{"start":{"line":29,"column":2},"end":{"line":31,"column":3}},{"start":{"line":29,"column":2},"end":{"line":31,"column":3}}],"line":29},"1":{"loc":{"start":{"line":35,"column":8},"end":{"line":42,"column":32}},"type":"cond-expr","locations":[{"start":{"line":36,"column":8},"end":{"line":40,"column":12}},{"start":{"line":42,"column":10},"end":{"line":42,"column":32}}],"line":35}},"s":{"0":2,"1":4,"2":4,"3":1,"4":1,"5":2,"6":2,"7":2,"8":5,"9":5,"10":4,"11":5},"f":{"0":4,"1":1,"2":1,"3":5},"b":{"0":[4,1],"1":[4,1]},"_coverageSchema":"1a1c01bbd47fc00a2c39e90264f33305004495a9","hash":"f2f2de75d9ac254970dec5c8ffbf051b9e454693"}
,"/Users/hermit/mvp/client/components/LocationInfo.jsx": {"path":"/Users/hermit/mvp/client/components/LocationInfo.jsx","statementMap":{"0":{"start":{"line":5,"column":4},"end":{"line":5,"column":17}},"1":{"start":{"line":6,"column":4},"end":{"line":6,"column":20}},"2":{"start":{"line":10,"column":4},"end":{"line":21,"column":6}}},"fnMap":{"0":{"name":"(anonymous_0)","decl":{"start":{"line":4,"column":2},"end":{"line":4,"column":3}},"loc":{"start":{"line":4,"column":21},"end":{"line":7,"column":3}},"line":4},"1":{"name":"(anonymous_1)","decl":{"start":{"line":9,"column":2},"end":{"line":9,"column":3}},"loc":{"start":{"line":9,"column":11},"end":{"line":22,"column":3}},"line":9}},"branchMap":{},"s":{"0":1,"1":1,"2":1},"f":{"0":1,"1":1},"b":{},"_coverageSchema":"1a1c01bbd47fc00a2c39e90264f33305004495a9","hash":"c727a25e0cdc2fdeabfa3d974f4f9cc49e1ad037"}
,"/Users/hermit/mvp/client/components/Mapzone.jsx": {"path":"/Users/hermit/mvp/client/components/Mapzone.jsx","statementMap":{"0":{"start":{"line":8,"column":4},"end":{"line":8,"column":17}},"1":{"start":{"line":9,"column":4},"end":{"line":16,"column":6}},"2":{"start":{"line":17,"column":4},"end":{"line":17,"column":49}},"3":{"start":{"line":18,"column":4},"end":{"line":18,"column":63}},"4":{"start":{"line":19,"column":4},"end":{"line":19,"column":51}},"5":{"start":{"line":28,"column":17},"end":{"line":28,"column":21}},"6":{"start":{"line":29,"column":32},"end":{"line":29,"column":42}},"7":{"start":{"line":30,"column":28},"end":{"line":30,"column":38}},"8":{"start":{"line":31,"column":4},"end":{"line":56,"column":9}},"9":{"start":{"line":33,"column":8},"end":{"line":35,"column":9}},"10":{"start":{"line":33,"column":21},"end":{"line":33,"column":22}},"11":{"start":{"line":34,"column":10},"end":{"line":34,"column":86}},"12":{"start":{"line":36,"column":8},"end":{"line":38,"column":11}},"13":{"start":{"line":39,"column":25},"end":{"line":41,"column":37}},"14":{"start":{"line":42,"column":8},"end":{"line":46,"column":26}},"15":{"start":{"line":47,"column":25},"end":{"line":47,"column":40}},"16":{"start":{"line":48,"column":8},"end":{"line":50,"column":11}},"17":{"start":{"line":49,"column":10},"end":{"line":49,"column":36}},"18":{"start":{"line":51,"column":8},"end":{"line":51,"column":41}},"19":{"start":{"line":55,"column":8},"end":{"line":55,"column":48}},"20":{"start":{"line":65,"column":27},"end":{"line":65,"column":37}},"21":{"start":{"line":66,"column":36},"end":{"line":66,"column":46}},"22":{"start":{"line":67,"column":22},"end":{"line":67,"column":58}},"23":{"start":{"line":68,"column":4},"end":{"line":70,"column":5}},"24":{"start":{"line":69,"column":6},"end":{"line":69,"column":26}},"25":{"start":{"line":71,"column":4},"end":{"line":73,"column":7}},"26":{"start":{"line":74,"column":4},"end":{"line":74,"column":35}},"27":{"start":{"line":78,"column":23},"end":{"line":78,"column":33}},"28":{"start":{"line":79,"column":4},"end":{"line":81,"column":5}},"29":{"start":{"line":79,"column":17},"end":{"line":79,"column":18}},"30":{"start":{"line":80,"column":6},"end":{"line":80,"column":67}},"31":{"start":{"line":85,"column":27},"end":{"line":85,"column":37}},"32":{"start":{"line":86,"column":4},"end":{"line":91,"column":5}},"33":{"start":{"line":87,"column":6},"end":{"line":87,"column":26}},"34":{"start":{"line":88,"column":6},"end":{"line":90,"column":9}},"35":{"start":{"line":92,"column":32},"end":{"line":92,"column":42}},"36":{"start":{"line":93,"column":22},"end":{"line":93,"column":58}},"37":{"start":{"line":94,"column":4},"end":{"line":94,"column":31}},"38":{"start":{"line":103,"column":4},"end":{"line":107,"column":6}},"39":{"start":{"line":110,"column":0},"end":{"line":114,"column":2}},"40":{"start":{"line":115,"column":0},"end":{"line":119,"column":2}}},"fnMap":{"0":{"name":"(anonymous_0)","decl":{"start":{"line":7,"column":2},"end":{"line":7,"column":3}},"loc":{"start":{"line":7,"column":21},"end":{"line":20,"column":3}},"line":7},"1":{"name":"(anonymous_1)","decl":{"start":{"line":27,"column":2},"end":{"line":27,"column":3}},"loc":{"start":{"line":27,"column":22},"end":{"line":57,"column":3}},"line":27},"2":{"name":"(anonymous_2)","decl":{"start":{"line":32,"column":12},"end":{"line":32,"column":13}},"loc":{"start":{"line":32,"column":24},"end":{"line":52,"column":7}},"line":32},"3":{"name":"(anonymous_3)","decl":{"start":{"line":48,"column":29},"end":{"line":48,"column":30}},"loc":{"start":{"line":48,"column":40},"end":{"line":50,"column":9}},"line":48},"4":{"name":"(anonymous_4)","decl":{"start":{"line":53,"column":13},"end":{"line":53,"column":14}},"loc":{"start":{"line":53,"column":22},"end":{"line":56,"column":7}},"line":53},"5":{"name":"(anonymous_5)","decl":{"start":{"line":64,"column":2},"end":{"line":64,"column":3}},"loc":{"start":{"line":64,"column":25},"end":{"line":75,"column":3}},"line":64},"6":{"name":"(anonymous_6)","decl":{"start":{"line":77,"column":2},"end":{"line":77,"column":3}},"loc":{"start":{"line":77,"column":25},"end":{"line":82,"column":3}},"line":77},"7":{"name":"(anonymous_7)","decl":{"start":{"line":84,"column":2},"end":{"line":84,"column":3}},"loc":{"start":{"line":84,"column":21},"end":{"line":95,"column":3}},"line":84},"8":{"name":"(anonymous_8)","decl":{"start":{"line":102,"column":2},"end":{"line":102,"column":3}},"loc":{"start":{"line":102,"column":11},"end":{"line":108,"column":3}},"line":102}},"branchMap":{"0":{"loc":{"start":{"line":68,"column":4},"end":{"line":70,"column":5}},"type":"if","locations":[{"start":{"line":68,"column":4},"end":{"line":70,"column":5}},{"start":{"line":68,"column":4},"end":{"line":70,"column":5}}],"line":68},"1":{"loc":{"start":{"line":86,"column":4},"end":{"line":91,"column":5}},"type":"if","locations":[{"start":{"line":86,"column":4},"end":{"line":91,"column":5}},{"start":{"line":86,"column":4},"end":{"line":91,"column":5}}],"line":86}},"s":{"0":1,"1":1,"2":1,"3":1,"4":1,"5":1,"6":1,"7":1,"8":1,"9":0,"10":0,"11":0,"12":0,"13":0,"14":0,"15":0,"16":0,"17":0,"18":0,"19":0,"20":0,"21":0,"22":0,"23":0,"24":0,"25":0,"26":0,"27":0,"28":0,"29":0,"30":0,"31":0,"32":0,"33":0,"34":0,"35":0,"36":0,"37":0,"38":1,"39":2,"40":2},"f":{"0":1,"1":1,"2":0,"3":0,"4":0,"5":0,"6":0,"7":0,"8":1},"b":{"0":[0,0],"1":[0,0]},"_coverageSchema":"1a1c01bbd47fc00a2c39e90264f33305004495a9","hash":"7e94d810f80f14af5faf9cd75fa7a93381f61494"}
,"/Users/hermit/mvp/client/components/PresentStory.jsx": {"path":"/Users/hermit/mvp/client/components/PresentStory.jsx","statementMap":{"0":{"start":{"line":8,"column":4},"end":{"line":8,"column":17}},"1":{"start":{"line":9,"column":4},"end":{"line":12,"column":6}},"2":{"start":{"line":13,"column":4},"end":{"line":13,"column":43}},"3":{"start":{"line":14,"column":4},"end":{"line":14,"column":49}},"4":{"start":{"line":19,"column":53},"end":{"line":19,"column":63}},"5":{"start":{"line":20,"column":4},"end":{"line":30,"column":9}},"6":{"start":{"line":22,"column":8},"end":{"line":25,"column":11}},"7":{"start":{"line":26,"column":8},"end":{"line":26,"column":20}},"8":{"start":{"line":29,"column":8},"end":{"line":29,"column":36}},"9":{"start":{"line":35,"column":4},"end":{"line":37,"column":7}},"10":{"start":{"line":65,"column":8},"end":{"line":65,"column":18}},"11":{"start":{"line":66,"column":29},"end":{"line":66,"column":39}},"12":{"start":{"line":67,"column":4},"end":{"line":165,"column":6}},"13":{"start":{"line":168,"column":0},"end":{"line":201,"column":2}},"14":{"start":{"line":202,"column":0},"end":{"line":234,"column":2}}},"fnMap":{"0":{"name":"(anonymous_0)","decl":{"start":{"line":7,"column":2},"end":{"line":7,"column":3}},"loc":{"start":{"line":7,"column":21},"end":{"line":15,"column":3}},"line":7},"1":{"name":"(anonymous_1)","decl":{"start":{"line":18,"column":2},"end":{"line":18,"column":3}},"loc":{"start":{"line":18,"column":12},"end":{"line":31,"column":3}},"line":18},"2":{"name":"(anonymous_2)","decl":{"start":{"line":21,"column":12},"end":{"line":21,"column":13}},"loc":{"start":{"line":21,"column":24},"end":{"line":27,"column":7}},"line":21},"3":{"name":"(anonymous_3)","decl":{"start":{"line":28,"column":13},"end":{"line":28,"column":14}},"loc":{"start":{"line":28,"column":22},"end":{"line":30,"column":7}},"line":28},"4":{"name":"(anonymous_4)","decl":{"start":{"line":34,"column":2},"end":{"line":34,"column":3}},"loc":{"start":{"line":34,"column":19},"end":{"line":38,"column":3}},"line":34},"5":{"name":"(anonymous_5)","decl":{"start":{"line":40,"column":2},"end":{"line":40,"column":3}},"loc":{"start":{"line":40,"column":11},"end":{"line":166,"column":3}},"line":40}},"branchMap":{"0":{"loc":{"start":{"line":119,"column":9},"end":{"line":132,"column":16}},"type":"cond-expr","locations":[{"start":{"line":121,"column":12},"end":{"line":130,"column":18}},{"start":{"line":132,"column":12},"end":{"line":132,"column":16}}],"line":119},"1":{"loc":{"start":{"line":133,"column":9},"end":{"line":163,"column":18}},"type":"cond-expr","locations":[{"start":{"line":135,"column":12},"end":{"line":162,"column":18}},{"start":{"line":163,"column":14},"end":{"line":163,"column":18}}],"line":133}},"s":{"0":8,"1":8,"2":8,"3":8,"4":2,"5":2,"6":1,"7":1,"8":1,"9":1,"10":10,"11":10,"12":10,"13":2,"14":2},"f":{"0":8,"1":2,"2":1,"3":1,"4":1,"5":10},"b":{"0":[1,9],"1":[1,9]},"_coverageSchema":"1a1c01bbd47fc00a2c39e90264f33305004495a9","hash":"3467ed72b2e21d7214b7d6195128deb93dcb28c4"}
,"/Users/hermit/mvp/client/components/StoryForm.jsx": {"path":"/Users/hermit/mvp/client/components/StoryForm.jsx","statementMap":{"0":{"start":{"line":5,"column":18},"end":{"line":68,"column":1}},"1":{"start":{"line":14,"column":6},"end":{"line":14,"column":11}},"2":{"start":{"line":15,"column":2},"end":{"line":67,"column":4}},"3":{"start":{"line":69,"column":0},"end":{"line":77,"column":2}},"4":{"start":{"line":78,"column":0},"end":{"line":86,"column":2}}},"fnMap":{"0":{"name":"(anonymous_0)","decl":{"start":{"line":5,"column":18},"end":{"line":5,"column":19}},"loc":{"start":{"line":5,"column":29},"end":{"line":68,"column":1}},"line":5}},"branchMap":{},"s":{"0":3,"1":1,"2":1,"3":3,"4":3},"f":{"0":1},"b":{},"_coverageSchema":"1a1c01bbd47fc00a2c39e90264f33305004495a9","hash":"9758ec2fac2e43ebb28366135e71e7af3b9be8cf"}
,"/Users/hermit/mvp/client/components/SubStory.jsx": {"path":"/Users/hermit/mvp/client/components/SubStory.jsx","statementMap":{"0":{"start":{"line":8,"column":17},"end":{"line":109,"column":1}},"1":{"start":{"line":34,"column":6},"end":{"line":34,"column":11}},"2":{"start":{"line":35,"column":2},"end":{"line":108,"column":4}},"3":{"start":{"line":110,"column":0},"end":{"line":142,"column":2}},"4":{"start":{"line":143,"column":0},"end":{"line":175,"column":2}}},"fnMap":{"0":{"name":"(anonymous_0)","decl":{"start":{"line":8,"column":17},"end":{"line":8,"column":18}},"loc":{"start":{"line":8,"column":28},"end":{"line":109,"column":1}},"line":8}},"branchMap":{"0":{"loc":{"start":{"line":38,"column":9},"end":{"line":53,"column":21}},"type":"cond-expr","locations":[{"start":{"line":40,"column":12},"end":{"line":52,"column":18}},{"start":{"line":53,"column":14},"end":{"line":53,"column":21}}],"line":38},"1":{"loc":{"start":{"line":41,"column":16},"end":{"line":51,"column":17}},"type":"cond-expr","locations":[{"start":{"line":42,"column":18},"end":{"line":42,"column":93}},{"start":{"line":44,"column":18},"end":{"line":50,"column":22}}],"line":41},"2":{"loc":{"start":{"line":56,"column":9},"end":{"line":61,"column":21}},"type":"cond-expr","locations":[{"start":{"line":58,"column":12},"end":{"line":60,"column":18}},{"start":{"line":61,"column":14},"end":{"line":61,"column":21}}],"line":56},"3":{"loc":{"start":{"line":65,"column":11},"end":{"line":82,"column":20}},"type":"cond-expr","locations":[{"start":{"line":67,"column":14},"end":{"line":81,"column":20}},{"start":{"line":82,"column":16},"end":{"line":82,"column":20}}],"line":65},"4":{"loc":{"start":{"line":86,"column":9},"end":{"line":91,"column":21}},"type":"cond-expr","locations":[{"start":{"line":88,"column":12},"end":{"line":90,"column":18}},{"start":{"line":91,"column":14},"end":{"line":91,"column":21}}],"line":86},"5":{"loc":{"start":{"line":93,"column":7},"end":{"line":106,"column":16}},"type":"cond-expr","locations":[{"start":{"line":95,"column":10},"end":{"line":105,"column":16}},{"start":{"line":106,"column":12},"end":{"line":106,"column":16}}],"line":93}},"s":{"0":3,"1":8,"2":8,"3":3,"4":3},"f":{"0":8},"b":{"0":[3,5],"1":[1,2],"2":[1,7],"3":[1,7],"4":[1,7],"5":[1,7]},"_coverageSchema":"1a1c01bbd47fc00a2c39e90264f33305004495a9","hash":"870d1f8a125b6446b2cf65fdeff55e47f3af8d4a"}
,"/Users/hermit/mvp/client/components/SubStoryForm.jsx": {"path":"/Users/hermit/mvp/client/components/SubStoryForm.jsx","statementMap":{"0":{"start":{"line":5,"column":21},"end":{"line":78,"column":1}},"1":{"start":{"line":16,"column":6},"end":{"line":16,"column":11}},"2":{"start":{"line":17,"column":2},"end":{"line":77,"column":4}},"3":{"start":{"line":79,"column":0},"end":{"line":89,"column":2}},"4":{"start":{"line":90,"column":0},"end":{"line":100,"column":2}}},"fnMap":{"0":{"name":"(anonymous_0)","decl":{"start":{"line":5,"column":21},"end":{"line":5,"column":22}},"loc":{"start":{"line":5,"column":32},"end":{"line":78,"column":1}},"line":5}},"branchMap":{},"s":{"0":4,"1":1,"2":1,"3":4,"4":4},"f":{"0":1},"b":{},"_coverageSchema":"1a1c01bbd47fc00a2c39e90264f33305004495a9","hash":"2bb2cbbbfdfd0dddda60e5d6102028c34b44ecf1"}
,"/Users/hermit/mvp/client/components/SubStoryList.jsx": {"path":"/Users/hermit/mvp/client/components/SubStoryList.jsx","statementMap":{"0":{"start":{"line":10,"column":4},"end":{"line":10,"column":17}},"1":{"start":{"line":11,"column":4},"end":{"line":22,"column":6}},"2":{"start":{"line":23,"column":4},"end":{"line":23,"column":59}},"3":{"start":{"line":24,"column":4},"end":{"line":24,"column":45}},"4":{"start":{"line":25,"column":4},"end":{"line":25,"column":49}},"5":{"start":{"line":29,"column":25},"end":{"line":29,"column":35}},"6":{"start":{"line":30,"column":4},"end":{"line":30,"column":27}},"7":{"start":{"line":31,"column":4},"end":{"line":31,"column":22}},"8":{"start":{"line":35,"column":25},"end":{"line":35,"column":35}},"9":{"start":{"line":36,"column":4},"end":{"line":36,"column":27}},"10":{"start":{"line":37,"column":4},"end":{"line":37,"column":22}},"11":{"start":{"line":41,"column":40},"end":{"line":41,"column":50}},"12":{"start":{"line":42,"column":4},"end":{"line":42,"column":30}},"13":{"start":{"line":43,"column":4},"end":{"line":45,"column":7}},"14":{"start":{"line":58,"column":8},"end":{"line":58,"column":18}},"15":{"start":{"line":59,"column":25},"end":{"line":59,"column":35}},"16":{"start":{"line":60,"column":4},"end":{"line":106,"column":6}},"17":{"start":{"line":110,"column":0},"end":{"line":127,"column":2}},"18":{"start":{"line":129,"column":0},"end":{"line":146,"column":2}}},"fnMap":{"0":{"name":"(anonymous_0)","decl":{"start":{"line":9,"column":2},"end":{"line":9,"column":3}},"loc":{"start":{"line":9,"column":21},"end":{"line":26,"column":3}},"line":9},"1":{"name":"(anonymous_1)","decl":{"start":{"line":28,"column":2},"end":{"line":28,"column":3}},"loc":{"start":{"line":28,"column":13},"end":{"line":32,"column":3}},"line":28},"2":{"name":"(anonymous_2)","decl":{"start":{"line":34,"column":2},"end":{"line":34,"column":3}},"loc":{"start":{"line":34,"column":15},"end":{"line":38,"column":3}},"line":34},"3":{"name":"(anonymous_3)","decl":{"start":{"line":40,"column":2},"end":{"line":40,"column":3}},"loc":{"start":{"line":40,"column":26},"end":{"line":46,"column":3}},"line":40},"4":{"name":"(anonymous_4)","decl":{"start":{"line":48,"column":2},"end":{"line":48,"column":3}},"loc":{"start":{"line":48,"column":11},"end":{"line":107,"column":3}},"line":48}},"branchMap":{"0":{"loc":{"start":{"line":62,"column":9},"end":{"line":87,"column":18}},"type":"cond-expr","locations":[{"start":{"line":64,"column":12},"end":{"line":86,"column":18}},{"start":{"line":87,"column":14},"end":{"line":87,"column":18}}],"line":62},"1":{"loc":{"start":{"line":88,"column":9},"end":{"line":104,"column":18}},"type":"cond-expr","locations":[{"start":{"line":90,"column":12},"end":{"line":103,"column":18}},{"start":{"line":104,"column":14},"end":{"line":104,"column":18}}],"line":88}},"s":{"0":6,"1":6,"2":6,"3":6,"4":6,"5":1,"6":1,"7":1,"8":1,"9":1,"10":1,"11":1,"12":1,"13":1,"14":9,"15":9,"16":9,"17":4,"18":4},"f":{"0":6,"1":1,"2":1,"3":1,"4":9},"b":{"0":[1,8],"1":[1,8]},"_coverageSchema":"1a1c01bbd47fc00a2c39e90264f33305004495a9","hash":"d9caac9e2b6280fabce6386eaa0e73a376ac387d"}
,"/Users/hermit/mvp/client/components/SubStoryRender.jsx": {"path":"/Users/hermit/mvp/client/components/SubStoryRender.jsx","statementMap":{"0":{"start":{"line":6,"column":23},"end":{"line":74,"column":1}},"1":{"start":{"line":13,"column":6},"end":{"line":13,"column":11}},"2":{"start":{"line":14,"column":2},"end":{"line":73,"column":4}},"3":{"start":{"line":76,"column":0},"end":{"line":91,"column":2}},"4":{"start":{"line":93,"column":0},"end":{"line":108,"column":2}}},"fnMap":{"0":{"name":"(anonymous_0)","decl":{"start":{"line":6,"column":23},"end":{"line":6,"column":24}},"loc":{"start":{"line":6,"column":34},"end":{"line":74,"column":1}},"line":6}},"branchMap":{},"s":{"0":5,"1":1,"2":1,"3":5,"4":5},"f":{"0":1},"b":{},"_coverageSchema":"1a1c01bbd47fc00a2c39e90264f33305004495a9","hash":"3cf1b7c1bf1a423e1d1ad9985701d000b80c513e"}
,"/Users/hermit/mvp/client/components/AbsentStory-Interactions/StoryButtonClick.jsx": {"path":"/Users/hermit/mvp/client/components/AbsentStory-Interactions/StoryButtonClick.jsx","statementMap":{"0":{"start":{"line":5,"column":25},"end":{"line":15,"column":1}},"1":{"start":{"line":6,"column":30},"end":{"line":6,"column":35}},"2":{"start":{"line":7,"column":2},"end":{"line":14,"column":4}},"3":{"start":{"line":16,"column":0},"end":{"line":18,"column":2}},"4":{"start":{"line":19,"column":0},"end":{"line":21,"column":2}}},"fnMap":{"0":{"name":"(anonymous_0)","decl":{"start":{"line":5,"column":25},"end":{"line":5,"column":26}},"loc":{"start":{"line":5,"column":36},"end":{"line":15,"column":1}},"line":5}},"branchMap":{},"s":{"0":3,"1":1,"2":1,"3":3,"4":3},"f":{"0":1},"b":{},"_coverageSchema":"1a1c01bbd47fc00a2c39e90264f33305004495a9","hash":"3473d201c59c8ae41a296bfb2c452a9c7a427868"}
,"/Users/hermit/mvp/client/components/AuthBar-Interactions/LoginButton.jsx": {"path":"/Users/hermit/mvp/client/components/AuthBar-Interactions/LoginButton.jsx","statementMap":{"0":{"start":{"line":5,"column":20},"end":{"line":17,"column":1}},"1":{"start":{"line":6,"column":32},"end":{"line":6,"column":42}},"2":{"start":{"line":7,"column":2},"end":{"line":16,"column":4}},"3":{"start":{"line":9,"column":21},"end":{"line":9,"column":40}}},"fnMap":{"0":{"name":"(anonymous_0)","decl":{"start":{"line":5,"column":20},"end":{"line":5,"column":21}},"loc":{"start":{"line":5,"column":26},"end":{"line":17,"column":1}},"line":5},"1":{"name":"(anonymous_1)","decl":{"start":{"line":9,"column":15},"end":{"line":9,"column":16}},"loc":{"start":{"line":9,"column":21},"end":{"line":9,"column":40}},"line":9}},"branchMap":{},"s":{"0":3,"1":2,"2":2,"3":1},"f":{"0":2,"1":1},"b":{},"_coverageSchema":"1a1c01bbd47fc00a2c39e90264f33305004495a9","hash":"2c6e97eee6f93ec8d81875999735c9f2acc6dec8"}
,"/Users/hermit/mvp/client/components/AuthBar-Interactions/LogoutButton.jsx": {"path":"/Users/hermit/mvp/client/components/AuthBar-Interactions/LogoutButton.jsx","statementMap":{"0":{"start":{"line":5,"column":21},"end":{"line":19,"column":1}},"1":{"start":{"line":6,"column":21},"end":{"line":6,"column":31}},"2":{"start":{"line":7,"column":2},"end":{"line":18,"column":4}},"3":{"start":{"line":9,"column":21},"end":{"line":11,"column":8}}},"fnMap":{"0":{"name":"(anonymous_0)","decl":{"start":{"line":5,"column":21},"end":{"line":5,"column":22}},"loc":{"start":{"line":5,"column":27},"end":{"line":19,"column":1}},"line":5},"1":{"name":"(anonymous_1)","decl":{"start":{"line":9,"column":15},"end":{"line":9,"column":16}},"loc":{"start":{"line":9,"column":21},"end":{"line":11,"column":8}},"line":9}},"branchMap":{},"s":{"0":3,"1":2,"2":2,"3":1},"f":{"0":2,"1":1},"b":{},"_coverageSchema":"1a1c01bbd47fc00a2c39e90264f33305004495a9","hash":"3eb4a8297848c2a4d71ad8197fad092f33e1a016"}
,"/Users/hermit/mvp/client/components/AuthBar-Interactions/SignUpButton.jsx": {"path":"/Users/hermit/mvp/client/components/AuthBar-Interactions/SignUpButton.jsx","statementMap":{"0":{"start":{"line":5,"column":21},"end":{"line":19,"column":1}},"1":{"start":{"line":6,"column":32},"end":{"line":6,"column":42}},"2":{"start":{"line":7,"column":2},"end":{"line":18,"column":4}},"3":{"start":{"line":9,"column":21},"end":{"line":11,"column":8}}},"fnMap":{"0":{"name":"(anonymous_0)","decl":{"start":{"line":5,"column":21},"end":{"line":5,"column":22}},"loc":{"start":{"line":5,"column":27},"end":{"line":19,"column":1}},"line":5},"1":{"name":"(anonymous_1)","decl":{"start":{"line":9,"column":15},"end":{"line":9,"column":16}},"loc":{"start":{"line":9,"column":21},"end":{"line":11,"column":8}},"line":9}},"branchMap":{},"s":{"0":1,"1":2,"2":2,"3":1},"f":{"0":2,"1":1},"b":{},"_coverageSchema":"1a1c01bbd47fc00a2c39e90264f33305004495a9","hash":"01707f14facbffb862d95f285b9f35a2c2f9f646"}
,"/Users/hermit/mvp/client/components/StoryForm-Interactions/StoryFormSubmit.jsx": {"path":"/Users/hermit/mvp/client/components/StoryForm-Interactions/StoryFormSubmit.jsx","statementMap":{"0":{"start":{"line":5,"column":24},"end":{"line":37,"column":1}},"1":{"start":{"line":6,"column":24},"end":{"line":27,"column":3}},"2":{"start":{"line":14,"column":8},"end":{"line":14,"column":13}},"3":{"start":{"line":15,"column":4},"end":{"line":26,"column":5}},"4":{"start":{"line":23,"column":6},"end":{"line":23,"column":48}},"5":{"start":{"line":25,"column":6},"end":{"line":25,"column":82}},"6":{"start":{"line":28,"column":2},"end":{"line":36,"column":4}},"7":{"start":{"line":38,"column":0},"end":{"line":45,"column":2}},"8":{"start":{"line":46,"column":0},"end":{"line":53,"column":2}}},"fnMap":{"0":{"name":"(anonymous_0)","decl":{"start":{"line":5,"column":24},"end":{"line":5,"column":25}},"loc":{"start":{"line":5,"column":35},"end":{"line":37,"column":1}},"line":5},"1":{"name":"(anonymous_1)","decl":{"start":{"line":6,"column":24},"end":{"line":6,"column":25}},"loc":{"start":{"line":6,"column":30},"end":{"line":27,"column":3}},"line":6}},"branchMap":{"0":{"loc":{"start":{"line":15,"column":4},"end":{"line":26,"column":5}},"type":"if","locations":[{"start":{"line":15,"column":4},"end":{"line":26,"column":5}},{"start":{"line":15,"column":4},"end":{"line":26,"column":5}}],"line":15},"1":{"loc":{"start":{"line":16,"column":6},"end":{"line":20,"column":26}},"type":"binary-expr","locations":[{"start":{"line":16,"column":6},"end":{"line":16,"column":22}},{"start":{"line":17,"column":9},"end":{"line":17,"column":29}},{"start":{"line":18,"column":9},"end":{"line":18,"column":24}},{"start":{"line":19,"column":9},"end":{"line":19,"column":26}},{"start":{"line":20,"column":9},"end":{"line":20,"column":26}}],"line":16}},"s":{"0":4,"1":2,"2":0,"3":0,"4":0,"5":0,"6":2,"7":4,"8":4},"f":{"0":2,"1":0},"b":{"0":[0,0],"1":[0,0,0,0,0]},"_coverageSchema":"1a1c01bbd47fc00a2c39e90264f33305004495a9","hash":"854aa80104aae385cd64a0aa1e17fccb6e83dbf2"}
,"/Users/hermit/mvp/client/components/SubStory-Interactions/ShowSubForm.jsx": {"path":"/Users/hermit/mvp/client/components/SubStory-Interactions/ShowSubForm.jsx","statementMap":{"0":{"start":{"line":5,"column":20},"end":{"line":15,"column":1}},"1":{"start":{"line":6,"column":28},"end":{"line":6,"column":33}},"2":{"start":{"line":7,"column":2},"end":{"line":14,"column":4}},"3":{"start":{"line":16,"column":0},"end":{"line":18,"column":2}},"4":{"start":{"line":19,"column":0},"end":{"line":21,"column":2}}},"fnMap":{"0":{"name":"(anonymous_0)","decl":{"start":{"line":5,"column":20},"end":{"line":5,"column":21}},"loc":{"start":{"line":5,"column":31},"end":{"line":15,"column":1}},"line":5}},"branchMap":{},"s":{"0":4,"1":1,"2":1,"3":4,"4":4},"f":{"0":1},"b":{},"_coverageSchema":"1a1c01bbd47fc00a2c39e90264f33305004495a9","hash":"f0a432f61cef32d39552a9c96acb3b368c04bee0"}
,"/Users/hermit/mvp/client/components/SubStory-Interactions/ShowSubStories.jsx": {"path":"/Users/hermit/mvp/client/components/SubStory-Interactions/ShowSubStories.jsx","statementMap":{"0":{"start":{"line":5,"column":23},"end":{"line":15,"column":1}},"1":{"start":{"line":6,"column":31},"end":{"line":6,"column":36}},"2":{"start":{"line":7,"column":2},"end":{"line":14,"column":4}},"3":{"start":{"line":16,"column":0},"end":{"line":18,"column":2}},"4":{"start":{"line":20,"column":0},"end":{"line":22,"column":2}}},"fnMap":{"0":{"name":"(anonymous_0)","decl":{"start":{"line":5,"column":23},"end":{"line":5,"column":24}},"loc":{"start":{"line":5,"column":34},"end":{"line":15,"column":1}},"line":5}},"branchMap":{},"s":{"0":4,"1":1,"2":1,"3":4,"4":4},"f":{"0":1},"b":{},"_coverageSchema":"1a1c01bbd47fc00a2c39e90264f33305004495a9","hash":"ea6ec62031ca2f9b54170a2fe3797536cde5454f"}
,"/Users/hermit/mvp/client/components/SubStoryForm-Interactions/SubStorySubmit.jsx": {"path":"/Users/hermit/mvp/client/components/SubStoryForm-Interactions/SubStorySubmit.jsx","statementMap":{"0":{"start":{"line":5,"column":23},"end":{"line":38,"column":1}},"1":{"start":{"line":6,"column":25},"end":{"line":28,"column":3}},"2":{"start":{"line":15,"column":8},"end":{"line":15,"column":13}},"3":{"start":{"line":16,"column":4},"end":{"line":27,"column":5}},"4":{"start":{"line":23,"column":22},"end":{"line":23,"column":50}},"5":{"start":{"line":24,"column":6},"end":{"line":24,"column":31}},"6":{"start":{"line":26,"column":6},"end":{"line":26,"column":100}},"7":{"start":{"line":29,"column":2},"end":{"line":37,"column":4}},"8":{"start":{"line":39,"column":0},"end":{"line":47,"column":2}},"9":{"start":{"line":48,"column":0},"end":{"line":56,"column":2}}},"fnMap":{"0":{"name":"(anonymous_0)","decl":{"start":{"line":5,"column":23},"end":{"line":5,"column":24}},"loc":{"start":{"line":5,"column":34},"end":{"line":38,"column":1}},"line":5},"1":{"name":"(anonymous_1)","decl":{"start":{"line":6,"column":25},"end":{"line":6,"column":26}},"loc":{"start":{"line":6,"column":31},"end":{"line":28,"column":3}},"line":6}},"branchMap":{"0":{"loc":{"start":{"line":16,"column":4},"end":{"line":27,"column":5}},"type":"if","locations":[{"start":{"line":16,"column":4},"end":{"line":27,"column":5}},{"start":{"line":16,"column":4},"end":{"line":27,"column":5}}],"line":16},"1":{"loc":{"start":{"line":17,"column":6},"end":{"line":21,"column":29}},"type":"binary-expr","locations":[{"start":{"line":17,"column":6},"end":{"line":17,"column":25}},{"start":{"line":18,"column":9},"end":{"line":18,"column":32}},{"start":{"line":19,"column":9},"end":{"line":19,"column":27}},{"start":{"line":20,"column":9},"end":{"line":20,"column":29}},{"start":{"line":21,"column":9},"end":{"line":21,"column":29}}],"line":17}},"s":{"0":5,"1":1,"2":0,"3":0,"4":0,"5":0,"6":0,"7":1,"8":5,"9":5},"f":{"0":1,"1":0},"b":{"0":[0,0],"1":[0,0,0,0,0]},"_coverageSchema":"1a1c01bbd47fc00a2c39e90264f33305004495a9","hash":"5c499628bc2b3f1df9c11f96c307f3747d813594"}
,"/Users/hermit/mvp/client/components/SubStoryList-Interactions/GoBack.jsx": {"path":"/Users/hermit/mvp/client/components/SubStoryList-Interactions/GoBack.jsx","statementMap":{"0":{"start":{"line":5,"column":15},"end":{"line":16,"column":1}},"1":{"start":{"line":6,"column":23},"end":{"line":6,"column":28}},"2":{"start":{"line":7,"column":2},"end":{"line":15,"column":4}},"3":{"start":{"line":17,"column":0},"end":{"line":19,"column":2}},"4":{"start":{"line":20,"column":0},"end":{"line":22,"column":2}}},"fnMap":{"0":{"name":"(anonymous_0)","decl":{"start":{"line":5,"column":15},"end":{"line":5,"column":16}},"loc":{"start":{"line":5,"column":26},"end":{"line":16,"column":1}},"line":5}},"branchMap":{},"s":{"0":5,"1":1,"2":1,"3":5,"4":5},"f":{"0":1},"b":{},"_coverageSchema":"1a1c01bbd47fc00a2c39e90264f33305004495a9","hash":"02f7609c79205f5a9a57b9f164e649f9e56506ac"}
,"/Users/hermit/mvp/client/components/SubStoryList-Interactions/SubStoryListItem.jsx": {"path":"/Users/hermit/mvp/client/components/SubStoryList-Interactions/SubStoryListItem.jsx","statementMap":{"0":{"start":{"line":5,"column":25},"end":{"line":24,"column":1}},"1":{"start":{"line":6,"column":49},"end":{"line":6,"column":54}},"2":{"start":{"line":7,"column":18},"end":{"line":15,"column":3}},"3":{"start":{"line":8,"column":4},"end":{"line":14,"column":9}},"4":{"start":{"line":10,"column":8},"end":{"line":10,"column":32}},"5":{"start":{"line":13,"column":8},"end":{"line":13,"column":25}},"6":{"start":{"line":16,"column":18},"end":{"line":16,"column":192}},"7":{"start":{"line":16,"column":36},"end":{"line":16,"column":191}},"8":{"start":{"line":17,"column":2},"end":{"line":23,"column":4}},"9":{"start":{"line":25,"column":0},"end":{"line":29,"column":2}},"10":{"start":{"line":30,"column":0},"end":{"line":33,"column":2}}},"fnMap":{"0":{"name":"(anonymous_0)","decl":{"start":{"line":5,"column":25},"end":{"line":5,"column":26}},"loc":{"start":{"line":5,"column":36},"end":{"line":24,"column":1}},"line":5},"1":{"name":"(anonymous_1)","decl":{"start":{"line":7,"column":18},"end":{"line":7,"column":19}},"loc":{"start":{"line":7,"column":29},"end":{"line":15,"column":3}},"line":7},"2":{"name":"(anonymous_2)","decl":{"start":{"line":9,"column":12},"end":{"line":9,"column":13}},"loc":{"start":{"line":9,"column":24},"end":{"line":11,"column":7}},"line":9},"3":{"name":"(anonymous_3)","decl":{"start":{"line":12,"column":13},"end":{"line":12,"column":14}},"loc":{"start":{"line":12,"column":22},"end":{"line":14,"column":7}},"line":12},"4":{"name":"(anonymous_4)","decl":{"start":{"line":16,"column":27},"end":{"line":16,"column":28}},"loc":{"start":{"line":16,"column":36},"end":{"line":16,"column":191}},"line":16}},"branchMap":{},"s":{"0":5,"1":3,"2":3,"3":2,"4":1,"5":1,"6":3,"7":6,"8":3,"9":5,"10":5},"f":{"0":3,"1":2,"2":1,"3":1,"4":6},"b":{},"_coverageSchema":"1a1c01bbd47fc00a2c39e90264f33305004495a9","hash":"bdd5b3387b6aaea70663d5ddd8a6c1d084ba5565"}
,"/Users/hermit/mvp/client/components/SubStoryList-Interactions/SubstorySort.jsx": {"path":"/Users/hermit/mvp/client/components/SubStoryList-Interactions/SubstorySort.jsx","statementMap":{"0":{"start":{"line":5,"column":21},"end":{"line":33,"column":1}},"1":{"start":{"line":6,"column":31},"end":{"line":6,"column":36}},"2":{"start":{"line":7,"column":17},"end":{"line":7,"column":29}},"3":{"start":{"line":8,"column":22},"end":{"line":11,"column":3}},"4":{"start":{"line":9,"column":4},"end":{"line":9,"column":39}},"5":{"start":{"line":9,"column":26},"end":{"line":9,"column":37}},"6":{"start":{"line":10,"column":4},"end":{"line":10,"column":23}},"7":{"start":{"line":12,"column":23},"end":{"line":15,"column":3}},"8":{"start":{"line":13,"column":4},"end":{"line":13,"column":39}},"9":{"start":{"line":13,"column":26},"end":{"line":13,"column":37}},"10":{"start":{"line":14,"column":4},"end":{"line":14,"column":23}},"11":{"start":{"line":16,"column":23},"end":{"line":19,"column":3}},"12":{"start":{"line":17,"column":4},"end":{"line":17,"column":51}},"13":{"start":{"line":17,"column":26},"end":{"line":17,"column":49}},"14":{"start":{"line":18,"column":4},"end":{"line":18,"column":23}},"15":{"start":{"line":20,"column":24},"end":{"line":23,"column":3}},"16":{"start":{"line":21,"column":4},"end":{"line":21,"column":51}},"17":{"start":{"line":21,"column":26},"end":{"line":21,"column":49}},"18":{"start":{"line":22,"column":4},"end":{"line":22,"column":23}},"19":{"start":{"line":25,"column":2},"end":{"line":32,"column":4}},"20":{"start":{"line":34,"column":0},"end":{"line":37,"column":2}},"21":{"start":{"line":38,"column":0},"end":{"line":40,"column":2}}},"fnMap":{"0":{"name":"(anonymous_0)","decl":{"start":{"line":5,"column":21},"end":{"line":5,"column":22}},"loc":{"start":{"line":5,"column":32},"end":{"line":33,"column":1}},"line":5},"1":{"name":"(anonymous_1)","decl":{"start":{"line":8,"column":22},"end":{"line":8,"column":23}},"loc":{"start":{"line":8,"column":28},"end":{"line":11,"column":3}},"line":8},"2":{"name":"(anonymous_2)","decl":{"start":{"line":9,"column":16},"end":{"line":9,"column":17}},"loc":{"start":{"line":9,"column":26},"end":{"line":9,"column":37}},"line":9},"3":{"name":"(anonymous_3)","decl":{"start":{"line":12,"column":23},"end":{"line":12,"column":24}},"loc":{"start":{"line":12,"column":29},"end":{"line":15,"column":3}},"line":12},"4":{"name":"(anonymous_4)","decl":{"start":{"line":13,"column":16},"end":{"line":13,"column":17}},"loc":{"start":{"line":13,"column":26},"end":{"line":13,"column":37}},"line":13},"5":{"name":"(anonymous_5)","decl":{"start":{"line":16,"column":23},"end":{"line":16,"column":24}},"loc":{"start":{"line":16,"column":29},"end":{"line":19,"column":3}},"line":16},"6":{"name":"(anonymous_6)","decl":{"start":{"line":17,"column":16},"end":{"line":17,"column":17}},"loc":{"start":{"line":17,"column":26},"end":{"line":17,"column":49}},"line":17},"7":{"name":"(anonymous_7)","decl":{"start":{"line":20,"column":24},"end":{"line":20,"column":25}},"loc":{"start":{"line":20,"column":30},"end":{"line":23,"column":3}},"line":20},"8":{"name":"(anonymous_8)","decl":{"start":{"line":21,"column":16},"end":{"line":21,"column":17}},"loc":{"start":{"line":21,"column":26},"end":{"line":21,"column":49}},"line":21}},"branchMap":{},"s":{"0":5,"1":5,"2":5,"3":5,"4":1,"5":7,"6":1,"7":5,"8":1,"9":9,"10":1,"11":5,"12":1,"13":8,"14":1,"15":5,"16":1,"17":7,"18":1,"19":5,"20":5,"21":5},"f":{"0":5,"1":1,"2":7,"3":1,"4":9,"5":1,"6":8,"7":1,"8":7},"b":{},"_coverageSchema":"1a1c01bbd47fc00a2c39e90264f33305004495a9","hash":"c04b34bb16b3f03b84e244c1001309c94e4ec9c7"}
,"/Users/hermit/mvp/client/components/SubStoryRender-Interactions/SubStoryDislike.jsx": {"path":"/Users/hermit/mvp/client/components/SubStoryRender-Interactions/SubStoryDislike.jsx","statementMap":{"0":{"start":{"line":7,"column":24},"end":{"line":42,"column":1}},"1":{"start":{"line":8,"column":36},"end":{"line":8,"column":46}},"2":{"start":{"line":10,"column":23},"end":{"line":32,"column":3}},"3":{"start":{"line":16,"column":8},"end":{"line":16,"column":13}},"4":{"start":{"line":17,"column":4},"end":{"line":31,"column":5}},"5":{"start":{"line":18,"column":6},"end":{"line":27,"column":11}},"6":{"start":{"line":23,"column":10},"end":{"line":23,"column":20}},"7":{"start":{"line":26,"column":10},"end":{"line":26,"column":45}},"8":{"start":{"line":29,"column":22},"end":{"line":29,"column":45}},"9":{"start":{"line":30,"column":6},"end":{"line":30,"column":31}},"10":{"start":{"line":34,"column":2},"end":{"line":41,"column":4}},"11":{"start":{"line":43,"column":0},"end":{"line":57,"column":2}},"12":{"start":{"line":58,"column":0},"end":{"line":72,"column":2}}},"fnMap":{"0":{"name":"(anonymous_0)","decl":{"start":{"line":7,"column":24},"end":{"line":7,"column":25}},"loc":{"start":{"line":7,"column":35},"end":{"line":42,"column":1}},"line":7},"1":{"name":"(anonymous_1)","decl":{"start":{"line":10,"column":23},"end":{"line":10,"column":24}},"loc":{"start":{"line":10,"column":29},"end":{"line":32,"column":3}},"line":10},"2":{"name":"(anonymous_2)","decl":{"start":{"line":22,"column":14},"end":{"line":22,"column":15}},"loc":{"start":{"line":22,"column":20},"end":{"line":24,"column":9}},"line":22},"3":{"name":"(anonymous_3)","decl":{"start":{"line":25,"column":15},"end":{"line":25,"column":16}},"loc":{"start":{"line":25,"column":24},"end":{"line":27,"column":9}},"line":25}},"branchMap":{"0":{"loc":{"start":{"line":17,"column":4},"end":{"line":31,"column":5}},"type":"if","locations":[{"start":{"line":17,"column":4},"end":{"line":31,"column":5}},{"start":{"line":17,"column":4},"end":{"line":31,"column":5}}],"line":17}},"s":{"0":6,"1":4,"2":4,"3":3,"4":3,"5":2,"6":1,"7":1,"8":1,"9":1,"10":4,"11":6,"12":6},"f":{"0":4,"1":3,"2":1,"3":1},"b":{"0":[2,1]},"_coverageSchema":"1a1c01bbd47fc00a2c39e90264f33305004495a9","hash":"f6fd72dc8124d52166789e0829d8b21af0836597"}
,"/Users/hermit/mvp/client/components/SubStoryRender-Interactions/SubStoryLike.jsx": {"path":"/Users/hermit/mvp/client/components/SubStoryRender-Interactions/SubStoryLike.jsx","statementMap":{"0":{"start":{"line":7,"column":21},"end":{"line":42,"column":1}},"1":{"start":{"line":8,"column":36},"end":{"line":8,"column":46}},"2":{"start":{"line":10,"column":20},"end":{"line":32,"column":3}},"3":{"start":{"line":16,"column":8},"end":{"line":16,"column":13}},"4":{"start":{"line":17,"column":4},"end":{"line":31,"column":5}},"5":{"start":{"line":18,"column":6},"end":{"line":27,"column":11}},"6":{"start":{"line":23,"column":10},"end":{"line":23,"column":17}},"7":{"start":{"line":26,"column":10},"end":{"line":26,"column":42}},"8":{"start":{"line":29,"column":22},"end":{"line":29,"column":45}},"9":{"start":{"line":30,"column":6},"end":{"line":30,"column":31}},"10":{"start":{"line":34,"column":2},"end":{"line":41,"column":4}},"11":{"start":{"line":43,"column":0},"end":{"line":57,"column":2}},"12":{"start":{"line":58,"column":0},"end":{"line":72,"column":2}}},"fnMap":{"0":{"name":"(anonymous_0)","decl":{"start":{"line":7,"column":21},"end":{"line":7,"column":22}},"loc":{"start":{"line":7,"column":32},"end":{"line":42,"column":1}},"line":7},"1":{"name":"(anonymous_1)","decl":{"start":{"line":10,"column":20},"end":{"line":10,"column":21}},"loc":{"start":{"line":10,"column":26},"end":{"line":32,"column":3}},"line":10},"2":{"name":"(anonymous_2)","decl":{"start":{"line":22,"column":14},"end":{"line":22,"column":15}},"loc":{"start":{"line":22,"column":20},"end":{"line":24,"column":9}},"line":22},"3":{"name":"(anonymous_3)","decl":{"start":{"line":25,"column":15},"end":{"line":25,"column":16}},"loc":{"start":{"line":25,"column":24},"end":{"line":27,"column":9}},"line":25}},"branchMap":{"0":{"loc":{"start":{"line":17,"column":4},"end":{"line":31,"column":5}},"type":"if","locations":[{"start":{"line":17,"column":4},"end":{"line":31,"column":5}},{"start":{"line":17,"column":4},"end":{"line":31,"column":5}}],"line":17}},"s":{"0":6,"1":4,"2":4,"3":3,"4":3,"5":2,"6":1,"7":1,"8":1,"9":1,"10":4,"11":6,"12":6},"f":{"0":4,"1":3,"2":1,"3":1},"b":{"0":[2,1]},"_coverageSchema":"1a1c01bbd47fc00a2c39e90264f33305004495a9","hash":"21cf4dd388089fb681c250e8d6550381272a6bef"}
}
