{"/Users/hermit/mvp/client/components/AbsentStory.jsx": {"path":"/Users/hermit/mvp/client/components/AbsentStory.jsx","statementMap":{"0":{"start":{"line":6,"column":20},"end":{"line":34,"column":1}},"1":{"start":{"line":12,"column":6},"end":{"line":12,"column":11}},"2":{"start":{"line":13,"column":2},"end":{"line":33,"column":4}},"3":{"start":{"line":35,"column":0},"end":{"line":40,"column":2}},"4":{"start":{"line":41,"column":0},"end":{"line":46,"column":2}}},"fnMap":{"0":{"name":"(anonymous_0)","decl":{"start":{"line":6,"column":20},"end":{"line":6,"column":21}},"loc":{"start":{"line":6,"column":31},"end":{"line":34,"column":1}},"line":6}},"branchMap":{"0":{"loc":{"start":{"line":15,"column":7},"end":{"line":25,"column":19}},"type":"cond-expr","locations":[{"start":{"line":17,"column":10},"end":{"line":24,"column":16}},{"start":{"line":25,"column":12},"end":{"line":25,"column":19}}],"line":15},"1":{"loc":{"start":{"line":26,"column":7},"end":{"line":31,"column":19}},"type":"cond-expr","locations":[{"start":{"line":28,"column":10},"end":{"line":30,"column":16}},{"start":{"line":31,"column":12},"end":{"line":31,"column":19}}],"line":26}},"s":{"0":2,"1":5,"2":5,"3":2,"4":2},"f":{"0":5},"b":{"0":[1,4],"1":[1,4]},"_coverageSchema":"1a1c01bbd47fc00a2c39e90264f33305004495a9","hash":"a0e01be3c398e56c9519386feb30884ecd70486c"}
,"/Users/hermit/mvp/client/components/App.jsx": {"path":"/Users/hermit/mvp/client/components/App.jsx","statementMap":{"0":{"start":{"line":11,"column":20},"end":{"line":11,"column":74}},"1":{"start":{"line":12,"column":19},"end":{"line":12,"column":41}},"2":{"start":{"line":13,"column":4},"end":{"line":13,"column":20}},"3":{"start":{"line":17,"column":4},"end":{"line":17,"column":17}},"4":{"start":{"line":18,"column":4},"end":{"line":41,"column":6}},"5":{"start":{"line":42,"column":4},"end":{"line":42,"column":47}},"6":{"start":{"line":43,"column":4},"end":{"line":43,"column":61}},"7":{"start":{"line":44,"column":4},"end":{"line":44,"column":55}},"8":{"start":{"line":45,"column":4},"end":{"line":45,"column":75}},"9":{"start":{"line":46,"column":4},"end":{"line":46,"column":45}},"10":{"start":{"line":47,"column":4},"end":{"line":47,"column":67}},"11":{"start":{"line":48,"column":4},"end":{"line":48,"column":59}},"12":{"start":{"line":49,"column":4},"end":{"line":49,"column":59}},"13":{"start":{"line":50,"column":4},"end":{"line":50,"column":59}},"14":{"start":{"line":51,"column":4},"end":{"line":51,"column":65}},"15":{"start":{"line":52,"column":4},"end":{"line":52,"column":57}},"16":{"start":{"line":61,"column":4},"end":{"line":67,"column":7}},"17":{"start":{"line":76,"column":4},"end":{"line":82,"column":7}},"18":{"start":{"line":91,"column":4},"end":{"line":94,"column":7}},"19":{"start":{"line":103,"column":4},"end":{"line":106,"column":7}},"20":{"start":{"line":115,"column":4},"end":{"line":118,"column":7}},"21":{"start":{"line":127,"column":4},"end":{"line":127,"column":37}},"22":{"start":{"line":128,"column":4},"end":{"line":135,"column":7}},"23":{"start":{"line":139,"column":18},"end":{"line":139,"column":82}},"24":{"start":{"line":140,"column":4},"end":{"line":157,"column":9}},"25":{"start":{"line":141,"column":6},"end":{"line":152,"column":9}},"26":{"start":{"line":156,"column":8},"end":{"line":156,"column":48}},"27":{"start":{"line":158,"column":4},"end":{"line":158,"column":19}},"28":{"start":{"line":167,"column":4},"end":{"line":170,"column":7}},"29":{"start":{"line":174,"column":27},"end":{"line":174,"column":37}},"30":{"start":{"line":175,"column":20},"end":{"line":183,"column":6}},"31":{"start":{"line":184,"column":19},"end":{"line":187,"column":6}},"32":{"start":{"line":186,"column":6},"end":{"line":186,"column":35}},"33":{"start":{"line":188,"column":20},"end":{"line":190,"column":6}},"34":{"start":{"line":189,"column":6},"end":{"line":189,"column":48}},"35":{"start":{"line":191,"column":4},"end":{"line":191,"column":29}},"36":{"start":{"line":201,"column":29},"end":{"line":201,"column":39}},"37":{"start":{"line":202,"column":20},"end":{"line":209,"column":6}},"38":{"start":{"line":210,"column":19},"end":{"line":213,"column":6}},"39":{"start":{"line":212,"column":6},"end":{"line":212,"column":35}},"40":{"start":{"line":214,"column":20},"end":{"line":216,"column":6}},"41":{"start":{"line":215,"column":6},"end":{"line":215,"column":51}},"42":{"start":{"line":217,"column":4},"end":{"line":217,"column":29}},"43":{"start":{"line":228,"column":4},"end":{"line":228,"column":22}},"44":{"start":{"line":229,"column":4},"end":{"line":229,"column":22}},"45":{"start":{"line":253,"column":8},"end":{"line":253,"column":18}},"46":{"start":{"line":254,"column":4},"end":{"line":321,"column":6}}},"fnMap":{"0":{"name":"(anonymous_0)","decl":{"start":{"line":10,"column":2},"end":{"line":10,"column":3}},"loc":{"start":{"line":10,"column":36},"end":{"line":14,"column":3}},"line":10},"1":{"name":"(anonymous_1)","decl":{"start":{"line":12,"column":32},"end":{"line":12,"column":33}},"loc":{"start":{"line":12,"column":38},"end":{"line":12,"column":40}},"line":12},"2":{"name":"(anonymous_2)","decl":{"start":{"line":16,"column":2},"end":{"line":16,"column":3}},"loc":{"start":{"line":16,"column":21},"end":{"line":53,"column":3}},"line":16},"3":{"name":"(anonymous_3)","decl":{"start":{"line":60,"column":2},"end":{"line":60,"column":3}},"loc":{"start":{"line":60,"column":14},"end":{"line":68,"column":3}},"line":60},"4":{"name":"(anonymous_4)","decl":{"start":{"line":75,"column":2},"end":{"line":75,"column":3}},"loc":{"start":{"line":75,"column":21},"end":{"line":83,"column":3}},"line":75},"5":{"name":"(anonymous_5)","decl":{"start":{"line":90,"column":2},"end":{"line":90,"column":3}},"loc":{"start":{"line":90,"column":18},"end":{"line":95,"column":3}},"line":90},"6":{"name":"(anonymous_6)","decl":{"start":{"line":102,"column":2},"end":{"line":102,"column":3}},"loc":{"start":{"line":102,"column":28},"end":{"line":107,"column":3}},"line":102},"7":{"name":"(anonymous_7)","decl":{"start":{"line":114,"column":2},"end":{"line":114,"column":3}},"loc":{"start":{"line":114,"column":13},"end":{"line":119,"column":3}},"line":114},"8":{"name":"(anonymous_8)","decl":{"start":{"line":126,"column":2},"end":{"line":126,"column":3}},"loc":{"start":{"line":126,"column":32},"end":{"line":136,"column":3}},"line":126},"9":{"name":"(anonymous_9)","decl":{"start":{"line":138,"column":2},"end":{"line":138,"column":3}},"loc":{"start":{"line":138,"column":28},"end":{"line":159,"column":3}},"line":138},"10":{"name":"(anonymous_10)","decl":{"start":{"line":140,"column":27},"end":{"line":140,"column":28}},"loc":{"start":{"line":140,"column":36},"end":{"line":153,"column":5}},"line":140},"11":{"name":"(anonymous_11)","decl":{"start":{"line":154,"column":13},"end":{"line":154,"column":14}},"loc":{"start":{"line":154,"column":22},"end":{"line":157,"column":7}},"line":154},"12":{"name":"(anonymous_12)","decl":{"start":{"line":166,"column":2},"end":{"line":166,"column":3}},"loc":{"start":{"line":166,"column":20},"end":{"line":171,"column":3}},"line":166},"13":{"name":"(anonymous_13)","decl":{"start":{"line":173,"column":2},"end":{"line":173,"column":3}},"loc":{"start":{"line":173,"column":48},"end":{"line":192,"column":3}},"line":173},"14":{"name":"(anonymous_14)","decl":{"start":{"line":184,"column":32},"end":{"line":184,"column":33}},"loc":{"start":{"line":184,"column":38},"end":{"line":187,"column":5}},"line":184},"15":{"name":"(anonymous_15)","decl":{"start":{"line":188,"column":34},"end":{"line":188,"column":35}},"loc":{"start":{"line":188,"column":43},"end":{"line":190,"column":5}},"line":188},"16":{"name":"(anonymous_16)","decl":{"start":{"line":200,"column":2},"end":{"line":200,"column":3}},"loc":{"start":{"line":200,"column":51},"end":{"line":218,"column":3}},"line":200},"17":{"name":"(anonymous_17)","decl":{"start":{"line":210,"column":32},"end":{"line":210,"column":33}},"loc":{"start":{"line":210,"column":38},"end":{"line":213,"column":5}},"line":210},"18":{"name":"(anonymous_18)","decl":{"start":{"line":214,"column":34},"end":{"line":214,"column":35}},"loc":{"start":{"line":214,"column":43},"end":{"line":216,"column":5}},"line":214},"19":{"name":"(anonymous_19)","decl":{"start":{"line":226,"column":2},"end":{"line":226,"column":3}},"loc":{"start":{"line":226,"column":23},"end":{"line":230,"column":3}},"line":226},"20":{"name":"(anonymous_20)","decl":{"start":{"line":237,"column":2},"end":{"line":237,"column":3}},"loc":{"start":{"line":237,"column":11},"end":{"line":322,"column":3}},"line":237}},"branchMap":{"0":{"loc":{"start":{"line":191,"column":11},"end":{"line":191,"column":28}},"type":"binary-expr","locations":[{"start":{"line":191,"column":11},"end":{"line":191,"column":17}},{"start":{"line":191,"column":21},"end":{"line":191,"column":28}}],"line":191},"1":{"loc":{"start":{"line":217,"column":11},"end":{"line":217,"column":28}},"type":"binary-expr","locations":[{"start":{"line":217,"column":11},"end":{"line":217,"column":17}},{"start":{"line":217,"column":21},"end":{"line":217,"column":28}}],"line":217},"2":{"loc":{"start":{"line":278,"column":9},"end":{"line":291,"column":16}},"type":"cond-expr","locations":[{"start":{"line":280,"column":12},"end":{"line":289,"column":18}},{"start":{"line":291,"column":12},"end":{"line":291,"column":16}}],"line":278},"3":{"loc":{"start":{"line":292,"column":9},"end":{"line":319,"column":18}},"type":"cond-expr","locations":[{"start":{"line":294,"column":12},"end":{"line":318,"column":18}},{"start":{"line":319,"column":14},"end":{"line":319,"column":18}}],"line":292}},"s":{"0":1,"1":1,"2":1,"3":16,"4":16,"5":16,"6":16,"7":16,"8":16,"9":16,"10":16,"11":16,"12":16,"13":16,"14":16,"15":16,"16":1,"17":1,"18":1,"19":1,"20":1,"21":2,"22":2,"23":2,"24":2,"25":1,"26":1,"27":2,"28":1,"29":2,"30":2,"31":2,"32":1,"33":2,"34":1,"35":2,"36":2,"37":2,"38":2,"39":1,"40":2,"41":1,"42":2,"43":0,"44":0,"45":25,"46":25},"f":{"0":1,"1":0,"2":16,"3":1,"4":1,"5":1,"6":1,"7":1,"8":2,"9":2,"10":1,"11":1,"12":1,"13":2,"14":1,"15":1,"16":2,"17":1,"18":1,"19":0,"20":25},"b":{"0":[2,0],"1":[2,0],"2":[2,23],"3":[1,24]},"_coverageSchema":"1a1c01bbd47fc00a2c39e90264f33305004495a9","hash":"1b334f1dfb0944a93f955f5fe2046510b44b2e15"}
,"/Users/hermit/mvp/client/components/Auth0ProviderWithHistory.jsx": {"path":"/Users/hermit/mvp/client/components/Auth0ProviderWithHistory.jsx","statementMap":{"0":{"start":{"line":5,"column":33},"end":{"line":25,"column":1}},"1":{"start":{"line":6,"column":17},"end":{"line":6,"column":51}},"2":{"start":{"line":7,"column":19},"end":{"line":7,"column":56}},"3":{"start":{"line":9,"column":18},"end":{"line":9,"column":30}},"4":{"start":{"line":11,"column":29},"end":{"line":13,"column":3}},"5":{"start":{"line":12,"column":4},"end":{"line":12,"column":65}},"6":{"start":{"line":15,"column":2},"end":{"line":24,"column":4}}},"fnMap":{"0":{"name":"(anonymous_0)","decl":{"start":{"line":5,"column":33},"end":{"line":5,"column":34}},"loc":{"start":{"line":5,"column":51},"end":{"line":25,"column":1}},"line":5},"1":{"name":"(anonymous_1)","decl":{"start":{"line":11,"column":29},"end":{"line":11,"column":30}},"loc":{"start":{"line":11,"column":43},"end":{"line":13,"column":3}},"line":11}},"branchMap":{"0":{"loc":{"start":{"line":12,"column":17},"end":{"line":12,"column":63}},"type":"binary-expr","locations":[{"start":{"line":12,"column":17},"end":{"line":12,"column":35}},{"start":{"line":12,"column":39},"end":{"line":12,"column":63}}],"line":12}},"s":{"0":1,"1":1,"2":1,"3":1,"4":1,"5":0,"6":1},"f":{"0":1,"1":0},"b":{"0":[0,0]},"_coverageSchema":"1a1c01bbd47fc00a2c39e90264f33305004495a9","hash":"133b79f4b93f3e042097aaedb014fe27171790e2"}
,"/Users/hermit/mvp/client/components/AuthBar.jsx": {"path":"/Users/hermit/mvp/client/components/AuthBar.jsx","statementMap":{"0":{"start":{"line":9,"column":16},"end":{"line":18,"column":1}},"1":{"start":{"line":10,"column":30},"end":{"line":10,"column":40}},"2":{"start":{"line":12,"column":2},"end":{"line":17,"column":4}}},"fnMap":{"0":{"name":"(anonymous_0)","decl":{"start":{"line":9,"column":16},"end":{"line":9,"column":17}},"loc":{"start":{"line":9,"column":22},"end":{"line":18,"column":1}},"line":9}},"branchMap":{"0":{"loc":{"start":{"line":14,"column":7},"end":{"line":15,"column":59}},"type":"cond-expr","locations":[{"start":{"line":14,"column":25},"end":{"line":14,"column":76}},{"start":{"line":15,"column":10},"end":{"line":15,"column":59}}],"line":14}},"s":{"0":2,"1":3,"2":3},"f":{"0":3},"b":{"0":[2,1]},"_coverageSchema":"1a1c01bbd47fc00a2c39e90264f33305004495a9","hash":"2feb83ab6c7d176a76b4725f198d9f3dfbff0541"}
,"/Users/hermit/mvp/client/components/CurrentUser.jsx": {"path":"/Users/hermit/mvp/client/components/CurrentUser.jsx","statementMap":{"0":{"start":{"line":6,"column":23},"end":{"line":16,"column":1}},"1":{"start":{"line":7,"column":42},"end":{"line":7,"column":47}},"2":{"start":{"line":9,"column":2},"end":{"line":15,"column":7}},"3":{"start":{"line":11,"column":6},"end":{"line":11,"column":29}},"4":{"start":{"line":14,"column":6},"end":{"line":14,"column":44}},"5":{"start":{"line":17,"column":0},"end":{"line":20,"column":2}},"6":{"start":{"line":21,"column":0},"end":{"line":24,"column":2}},"7":{"start":{"line":26,"column":20},"end":{"line":45,"column":1}},"8":{"start":{"line":27,"column":36},"end":{"line":27,"column":46}},"9":{"start":{"line":29,"column":2},"end":{"line":31,"column":3}},"10":{"start":{"line":30,"column":4},"end":{"line":30,"column":31}},"11":{"start":{"line":33,"column":2},"end":{"line":44,"column":4}}},"fnMap":{"0":{"name":"(anonymous_0)","decl":{"start":{"line":6,"column":23},"end":{"line":6,"column":24}},"loc":{"start":{"line":6,"column":41},"end":{"line":16,"column":1}},"line":6},"1":{"name":"(anonymous_1)","decl":{"start":{"line":10,"column":10},"end":{"line":10,"column":11}},"loc":{"start":{"line":10,"column":22},"end":{"line":12,"column":5}},"line":10},"2":{"name":"(anonymous_2)","decl":{"start":{"line":13,"column":11},"end":{"line":13,"column":12}},"loc":{"start":{"line":13,"column":20},"end":{"line":15,"column":5}},"line":13},"3":{"name":"(anonymous_3)","decl":{"start":{"line":26,"column":20},"end":{"line":26,"column":21}},"loc":{"start":{"line":26,"column":31},"end":{"line":45,"column":1}},"line":26}},"branchMap":{"0":{"loc":{"start":{"line":29,"column":2},"end":{"line":31,"column":3}},"type":"if","locations":[{"start":{"line":29,"column":2},"end":{"line":31,"column":3}},{"start":{"line":29,"column":2},"end":{"line":31,"column":3}}],"line":29},"1":{"loc":{"start":{"line":35,"column":8},"end":{"line":42,"column":32}},"type":"cond-expr","locations":[{"start":{"line":36,"column":8},"end":{"line":40,"column":12}},{"start":{"line":42,"column":10},"end":{"line":42,"column":32}}],"line":35}},"s":{"0":2,"1":4,"2":4,"3":1,"4":1,"5":2,"6":2,"7":2,"8":5,"9":5,"10":4,"11":5},"f":{"0":4,"1":1,"2":1,"3":5},"b":{"0":[4,1],"1":[4,1]},"_coverageSchema":"1a1c01bbd47fc00a2c39e90264f33305004495a9","hash":"f2f2de75d9ac254970dec5c8ffbf051b9e454693"}
,"/Users/hermit/mvp/client/components/LocationInfo.jsx": {"path":"/Users/hermit/mvp/client/components/LocationInfo.jsx","statementMap":{"0":{"start":{"line":5,"column":4},"end":{"line":5,"column":17}},"1":{"start":{"line":6,"column":4},"end":{"line":6,"column":20}},"2":{"start":{"line":10,"column":4},"end":{"line":21,"column":6}}},"fnMap":{"0":{"name":"(anonymous_0)","decl":{"start":{"line":4,"column":2},"end":{"line":4,"column":3}},"loc":{"start":{"line":4,"column":21},"end":{"line":7,"column":3}},"line":4},"1":{"name":"(anonymous_1)","decl":{"start":{"line":9,"column":2},"end":{"line":9,"column":3}},"loc":{"start":{"line":9,"column":11},"end":{"line":22,"column":3}},"line":9}},"branchMap":{},"s":{"0":1,"1":1,"2":1},"f":{"0":1,"1":1},"b":{},"_coverageSchema":"1a1c01bbd47fc00a2c39e90264f33305004495a9","hash":"c727a25e0cdc2fdeabfa3d974f4f9cc49e1ad037"}
,"/Users/hermit/mvp/client/components/Mapzone.jsx": {"path":"/Users/hermit/mvp/client/components/Mapzone.jsx","statementMap":{"0":{"start":{"line":8,"column":4},"end":{"line":8,"column":17}},"1":{"start":{"line":9,"column":4},"end":{"line":16,"column":6}},"2":{"start":{"line":17,"column":4},"end":{"line":17,"column":49}},"3":{"start":{"line":18,"column":4},"end":{"line":18,"column":63}},"4":{"start":{"line":19,"column":4},"end":{"line":19,"column":51}},"5":{"start":{"line":28,"column":17},"end":{"line":28,"column":21}},"6":{"start":{"line":29,"column":32},"end":{"line":29,"column":42}},"7":{"start":{"line":30,"column":28},"end":{"line":30,"column":38}},"8":{"start":{"line":31,"column":4},"end":{"line":56,"column":9}},"9":{"start":{"line":33,"column":8},"end":{"line":35,"column":9}},"10":{"start":{"line":33,"column":21},"end":{"line":33,"column":22}},"11":{"start":{"line":34,"column":10},"end":{"line":34,"column":86}},"12":{"start":{"line":36,"column":8},"end":{"line":38,"column":11}},"13":{"start":{"line":39,"column":25},"end":{"line":41,"column":37}},"14":{"start":{"line":42,"column":8},"end":{"line":46,"column":26}},"15":{"start":{"line":47,"column":25},"end":{"line":47,"column":40}},"16":{"start":{"line":48,"column":8},"end":{"line":50,"column":11}},"17":{"start":{"line":49,"column":10},"end":{"line":49,"column":36}},"18":{"start":{"line":51,"column":8},"end":{"line":51,"column":41}},"19":{"start":{"line":55,"column":8},"end":{"line":55,"column":48}},"20":{"start":{"line":65,"column":27},"end":{"line":65,"column":37}},"21":{"start":{"line":66,"column":36},"end":{"line":66,"column":46}},"22":{"start":{"line":67,"column":22},"end":{"line":67,"column":58}},"23":{"start":{"line":68,"column":4},"end":{"line":70,"column":5}},"24":{"start":{"line":69,"column":6},"end":{"line":69,"column":26}},"25":{"start":{"line":71,"column":4},"end":{"line":73,"column":7}},"26":{"start":{"line":74,"column":4},"end":{"line":74,"column":35}},"27":{"start":{"line":78,"column":23},"end":{"line":78,"column":33}},"28":{"start":{"line":79,"column":4},"end":{"line":81,"column":5}},"29":{"start":{"line":79,"column":17},"end":{"line":79,"column":18}},"30":{"start":{"line":80,"column":6},"end":{"line":80,"column":67}},"31":{"start":{"line":85,"column":27},"end":{"line":85,"column":37}},"32":{"start":{"line":86,"column":4},"end":{"line":91,"column":5}},"33":{"start":{"line":87,"column":6},"end":{"line":87,"column":26}},"34":{"start":{"line":88,"column":6},"end":{"line":90,"column":9}},"35":{"start":{"line":92,"column":32},"end":{"line":92,"column":42}},"36":{"start":{"line":93,"column":22},"end":{"line":93,"column":58}},"37":{"start":{"line":94,"column":4},"end":{"line":94,"column":31}},"38":{"start":{"line":103,"column":4},"end":{"line":107,"column":6}},"39":{"start":{"line":110,"column":0},"end":{"line":114,"column":2}},"40":{"start":{"line":115,"column":0},"end":{"line":119,"column":2}}},"fnMap":{"0":{"name":"(anonymous_0)","decl":{"start":{"line":7,"column":2},"end":{"line":7,"column":3}},"loc":{"start":{"line":7,"column":21},"end":{"line":20,"column":3}},"line":7},"1":{"name":"(anonymous_1)","decl":{"start":{"line":27,"column":2},"end":{"line":27,"column":3}},"loc":{"start":{"line":27,"column":22},"end":{"line":57,"column":3}},"line":27},"2":{"name":"(anonymous_2)","decl":{"start":{"line":32,"column":12},"end":{"line":32,"column":13}},"loc":{"start":{"line":32,"column":24},"end":{"line":52,"column":7}},"line":32},"3":{"name":"(anonymous_3)","decl":{"start":{"line":48,"column":29},"end":{"line":48,"column":30}},"loc":{"start":{"line":48,"column":40},"end":{"line":50,"column":9}},"line":48},"4":{"name":"(anonymous_4)","decl":{"start":{"line":53,"column":13},"end":{"line":53,"column":14}},"loc":{"start":{"line":53,"column":22},"end":{"line":56,"column":7}},"line":53},"5":{"name":"(anonymous_5)","decl":{"start":{"line":64,"column":2},"end":{"line":64,"column":3}},"loc":{"start":{"line":64,"column":25},"end":{"line":75,"column":3}},"line":64},"6":{"name":"(anonymous_6)","decl":{"start":{"line":77,"column":2},"end":{"line":77,"column":3}},"loc":{"start":{"line":77,"column":25},"end":{"line":82,"column":3}},"line":77},"7":{"name":"(anonymous_7)","decl":{"start":{"line":84,"column":2},"end":{"line":84,"column":3}},"loc":{"start":{"line":84,"column":21},"end":{"line":95,"column":3}},"line":84},"8":{"name":"(anonymous_8)","decl":{"start":{"line":102,"column":2},"end":{"line":102,"column":3}},"loc":{"start":{"line":102,"column":11},"end":{"line":108,"column":3}},"line":102}},"branchMap":{"0":{"loc":{"start":{"line":68,"column":4},"end":{"line":70,"column":5}},"type":"if","locations":[{"start":{"line":68,"column":4},"end":{"line":70,"column":5}},{"start":{"line":68,"column":4},"end":{"line":70,"column":5}}],"line":68},"1":{"loc":{"start":{"line":86,"column":4},"end":{"line":91,"column":5}},"type":"if","locations":[{"start":{"line":86,"column":4},"end":{"line":91,"column":5}},{"start":{"line":86,"column":4},"end":{"line":91,"column":5}}],"line":86}},"s":{"0":1,"1":1,"2":1,"3":1,"4":1,"5":1,"6":1,"7":1,"8":1,"9":0,"10":0,"11":0,"12":0,"13":0,"14":0,"15":0,"16":0,"17":0,"18":0,"19":0,"20":0,"21":0,"22":0,"23":0,"24":0,"25":0,"26":0,"27":0,"28":0,"29":0,"30":0,"31":0,"32":0,"33":0,"34":0,"35":0,"36":0,"37":0,"38":1,"39":2,"40":2},"f":{"0":1,"1":1,"2":0,"3":0,"4":0,"5":0,"6":0,"7":0,"8":1},"b":{"0":[0,0],"1":[0,0]},"_coverageSchema":"1a1c01bbd47fc00a2c39e90264f33305004495a9","hash":"7e94d810f80f14af5faf9cd75fa7a93381f61494"}
,"/Users/hermit/mvp/client/components/PresentStory.jsx": {"path":"/Users/hermit/mvp/client/components/PresentStory.jsx","statementMap":{"0":{"start":{"line":8,"column":4},"end":{"line":8,"column":17}},"1":{"start":{"line":9,"column":4},"end":{"line":12,"column":6}},"2":{"start":{"line":13,"column":4},"end":{"line":13,"column":43}},"3":{"start":{"line":14,"column":4},"end":{"line":14,"column":49}},"4":{"start":{"line":19,"column":53},"end":{"line":19,"column":63}},"5":{"start":{"line":20,"column":4},"end":{"line":30,"column":9}},"6":{"start":{"line":22,"column":8},"end":{"line":25,"column":11}},"7":{"start":{"line":26,"column":8},"end":{"line":26,"column":20}},"8":{"start":{"line":29,"column":8},"end":{"line":29,"column":36}},"9":{"start":{"line":35,"column":4},"end":{"line":37,"column":7}},"10":{"start":{"line":58,"column":8},"end":{"line":58,"column":18}},"11":{"start":{"line":59,"column":29},"end":{"line":59,"column":39}},"12":{"start":{"line":60,"column":4},"end":{"line":151,"column":6}},"13":{"start":{"line":154,"column":0},"end":{"line":180,"column":2}},"14":{"start":{"line":181,"column":0},"end":{"line":206,"column":2}}},"fnMap":{"0":{"name":"(anonymous_0)","decl":{"start":{"line":7,"column":2},"end":{"line":7,"column":3}},"loc":{"start":{"line":7,"column":21},"end":{"line":15,"column":3}},"line":7},"1":{"name":"(anonymous_1)","decl":{"start":{"line":18,"column":2},"end":{"line":18,"column":3}},"loc":{"start":{"line":18,"column":12},"end":{"line":31,"column":3}},"line":18},"2":{"name":"(anonymous_2)","decl":{"start":{"line":21,"column":12},"end":{"line":21,"column":13}},"loc":{"start":{"line":21,"column":24},"end":{"line":27,"column":7}},"line":21},"3":{"name":"(anonymous_3)","decl":{"start":{"line":28,"column":13},"end":{"line":28,"column":14}},"loc":{"start":{"line":28,"column":22},"end":{"line":30,"column":7}},"line":28},"4":{"name":"(anonymous_4)","decl":{"start":{"line":34,"column":2},"end":{"line":34,"column":3}},"loc":{"start":{"line":34,"column":19},"end":{"line":38,"column":3}},"line":34},"5":{"name":"(anonymous_5)","decl":{"start":{"line":40,"column":2},"end":{"line":40,"column":3}},"loc":{"start":{"line":40,"column":11},"end":{"line":152,"column":3}},"line":40}},"branchMap":{"0":{"loc":{"start":{"line":112,"column":9},"end":{"line":125,"column":16}},"type":"cond-expr","locations":[{"start":{"line":114,"column":12},"end":{"line":123,"column":18}},{"start":{"line":125,"column":12},"end":{"line":125,"column":16}}],"line":112},"1":{"loc":{"start":{"line":126,"column":9},"end":{"line":149,"column":18}},"type":"cond-expr","locations":[{"start":{"line":128,"column":12},"end":{"line":148,"column":18}},{"start":{"line":149,"column":14},"end":{"line":149,"column":18}}],"line":126}},"s":{"0":8,"1":8,"2":8,"3":8,"4":2,"5":2,"6":1,"7":1,"8":1,"9":1,"10":10,"11":10,"12":10,"13":2,"14":2},"f":{"0":8,"1":2,"2":1,"3":1,"4":1,"5":10},"b":{"0":[1,9],"1":[1,9]},"_coverageSchema":"1a1c01bbd47fc00a2c39e90264f33305004495a9","hash":"4a3855b07cabb9f9432ee3ffc219c089540dfa4d"}
,"/Users/hermit/mvp/client/components/StoryForm.jsx": {"path":"/Users/hermit/mvp/client/components/StoryForm.jsx","statementMap":{"0":{"start":{"line":5,"column":18},"end":{"line":53,"column":1}},"1":{"start":{"line":6,"column":30},"end":{"line":6,"column":35}},"2":{"start":{"line":7,"column":2},"end":{"line":52,"column":4}},"3":{"start":{"line":54,"column":0},"end":{"line":56,"column":2}},"4":{"start":{"line":57,"column":0},"end":{"line":59,"column":2}}},"fnMap":{"0":{"name":"(anonymous_0)","decl":{"start":{"line":5,"column":18},"end":{"line":5,"column":19}},"loc":{"start":{"line":5,"column":29},"end":{"line":53,"column":1}},"line":5}},"branchMap":{},"s":{"0":3,"1":1,"2":1,"3":3,"4":3},"f":{"0":1},"b":{},"_coverageSchema":"1a1c01bbd47fc00a2c39e90264f33305004495a9","hash":"a055851f1b688eab85b148284111d47f9acdf4af"}
,"/Users/hermit/mvp/client/components/SubStory.jsx": {"path":"/Users/hermit/mvp/client/components/SubStory.jsx","statementMap":{"0":{"start":{"line":8,"column":17},"end":{"line":93,"column":1}},"1":{"start":{"line":27,"column":6},"end":{"line":27,"column":11}},"2":{"start":{"line":28,"column":2},"end":{"line":92,"column":4}},"3":{"start":{"line":94,"column":0},"end":{"line":119,"column":2}},"4":{"start":{"line":120,"column":0},"end":{"line":145,"column":2}}},"fnMap":{"0":{"name":"(anonymous_0)","decl":{"start":{"line":8,"column":17},"end":{"line":8,"column":18}},"loc":{"start":{"line":8,"column":28},"end":{"line":93,"column":1}},"line":8}},"branchMap":{"0":{"loc":{"start":{"line":31,"column":9},"end":{"line":46,"column":21}},"type":"cond-expr","locations":[{"start":{"line":33,"column":12},"end":{"line":45,"column":18}},{"start":{"line":46,"column":14},"end":{"line":46,"column":21}}],"line":31},"1":{"loc":{"start":{"line":34,"column":16},"end":{"line":44,"column":17}},"type":"cond-expr","locations":[{"start":{"line":35,"column":18},"end":{"line":35,"column":75}},{"start":{"line":37,"column":18},"end":{"line":43,"column":22}}],"line":34},"2":{"loc":{"start":{"line":49,"column":9},"end":{"line":54,"column":21}},"type":"cond-expr","locations":[{"start":{"line":51,"column":12},"end":{"line":53,"column":18}},{"start":{"line":54,"column":14},"end":{"line":54,"column":21}}],"line":49},"3":{"loc":{"start":{"line":58,"column":11},"end":{"line":74,"column":20}},"type":"cond-expr","locations":[{"start":{"line":60,"column":14},"end":{"line":73,"column":20}},{"start":{"line":74,"column":16},"end":{"line":74,"column":20}}],"line":58},"4":{"loc":{"start":{"line":78,"column":9},"end":{"line":83,"column":21}},"type":"cond-expr","locations":[{"start":{"line":80,"column":12},"end":{"line":82,"column":18}},{"start":{"line":83,"column":14},"end":{"line":83,"column":21}}],"line":78},"5":{"loc":{"start":{"line":85,"column":7},"end":{"line":90,"column":16}},"type":"cond-expr","locations":[{"start":{"line":87,"column":10},"end":{"line":89,"column":16}},{"start":{"line":90,"column":12},"end":{"line":90,"column":16}}],"line":85}},"s":{"0":3,"1":1,"2":1,"3":3,"4":3},"f":{"0":1},"b":{"0":[0,1],"1":[0,0],"2":[0,1],"3":[0,1],"4":[0,1],"5":[0,1]},"_coverageSchema":"1a1c01bbd47fc00a2c39e90264f33305004495a9","hash":"888c1b144d1f37579c8042595e69e26e18207be6"}
,"/Users/hermit/mvp/client/components/SubStoryForm.jsx": {"path":"/Users/hermit/mvp/client/components/SubStoryForm.jsx","statementMap":{"0":{"start":{"line":5,"column":21},"end":{"line":59,"column":1}},"1":{"start":{"line":6,"column":46},"end":{"line":6,"column":51}},"2":{"start":{"line":7,"column":2},"end":{"line":58,"column":4}},"3":{"start":{"line":60,"column":0},"end":{"line":63,"column":2}},"4":{"start":{"line":64,"column":0},"end":{"line":67,"column":2}}},"fnMap":{"0":{"name":"(anonymous_0)","decl":{"start":{"line":5,"column":21},"end":{"line":5,"column":22}},"loc":{"start":{"line":5,"column":32},"end":{"line":59,"column":1}},"line":5}},"branchMap":{},"s":{"0":3,"1":0,"2":0,"3":3,"4":3},"f":{"0":0},"b":{},"_coverageSchema":"1a1c01bbd47fc00a2c39e90264f33305004495a9","hash":"2ed95d03a46e7643716e831a01f253bccebf7c78"}
,"/Users/hermit/mvp/client/components/SubStoryList.jsx": {"path":"/Users/hermit/mvp/client/components/SubStoryList.jsx","statementMap":{"0":{"start":{"line":10,"column":4},"end":{"line":10,"column":17}},"1":{"start":{"line":11,"column":4},"end":{"line":22,"column":6}},"2":{"start":{"line":23,"column":4},"end":{"line":23,"column":59}},"3":{"start":{"line":24,"column":4},"end":{"line":24,"column":45}},"4":{"start":{"line":25,"column":4},"end":{"line":25,"column":49}},"5":{"start":{"line":29,"column":25},"end":{"line":29,"column":35}},"6":{"start":{"line":30,"column":4},"end":{"line":30,"column":27}},"7":{"start":{"line":31,"column":4},"end":{"line":31,"column":22}},"8":{"start":{"line":35,"column":25},"end":{"line":35,"column":35}},"9":{"start":{"line":36,"column":4},"end":{"line":36,"column":27}},"10":{"start":{"line":37,"column":4},"end":{"line":37,"column":22}},"11":{"start":{"line":41,"column":40},"end":{"line":41,"column":50}},"12":{"start":{"line":42,"column":4},"end":{"line":42,"column":30}},"13":{"start":{"line":43,"column":4},"end":{"line":45,"column":7}},"14":{"start":{"line":57,"column":8},"end":{"line":57,"column":18}},"15":{"start":{"line":58,"column":25},"end":{"line":58,"column":35}},"16":{"start":{"line":59,"column":4},"end":{"line":103,"column":6}},"17":{"start":{"line":107,"column":0},"end":{"line":123,"column":2}},"18":{"start":{"line":125,"column":0},"end":{"line":141,"column":2}}},"fnMap":{"0":{"name":"(anonymous_0)","decl":{"start":{"line":9,"column":2},"end":{"line":9,"column":3}},"loc":{"start":{"line":9,"column":21},"end":{"line":26,"column":3}},"line":9},"1":{"name":"(anonymous_1)","decl":{"start":{"line":28,"column":2},"end":{"line":28,"column":3}},"loc":{"start":{"line":28,"column":13},"end":{"line":32,"column":3}},"line":28},"2":{"name":"(anonymous_2)","decl":{"start":{"line":34,"column":2},"end":{"line":34,"column":3}},"loc":{"start":{"line":34,"column":15},"end":{"line":38,"column":3}},"line":34},"3":{"name":"(anonymous_3)","decl":{"start":{"line":40,"column":2},"end":{"line":40,"column":3}},"loc":{"start":{"line":40,"column":26},"end":{"line":46,"column":3}},"line":40},"4":{"name":"(anonymous_4)","decl":{"start":{"line":48,"column":2},"end":{"line":48,"column":3}},"loc":{"start":{"line":48,"column":11},"end":{"line":104,"column":3}},"line":48}},"branchMap":{"0":{"loc":{"start":{"line":61,"column":9},"end":{"line":85,"column":18}},"type":"cond-expr","locations":[{"start":{"line":63,"column":12},"end":{"line":84,"column":18}},{"start":{"line":85,"column":14},"end":{"line":85,"column":18}}],"line":61},"1":{"loc":{"start":{"line":86,"column":9},"end":{"line":101,"column":18}},"type":"cond-expr","locations":[{"start":{"line":88,"column":12},"end":{"line":100,"column":18}},{"start":{"line":101,"column":14},"end":{"line":101,"column":18}}],"line":86}},"s":{"0":1,"1":1,"2":1,"3":1,"4":1,"5":0,"6":0,"7":0,"8":0,"9":0,"10":0,"11":0,"12":0,"13":0,"14":1,"15":1,"16":1,"17":4,"18":4},"f":{"0":1,"1":0,"2":0,"3":0,"4":1},"b":{"0":[0,1],"1":[0,1]},"_coverageSchema":"1a1c01bbd47fc00a2c39e90264f33305004495a9","hash":"2af31a5e00d2c710abb8b2a3403f819500c0622d"}
,"/Users/hermit/mvp/client/components/SubStoryRender.jsx": {"path":"/Users/hermit/mvp/client/components/SubStoryRender.jsx","statementMap":{"0":{"start":{"line":6,"column":23},"end":{"line":63,"column":1}},"1":{"start":{"line":12,"column":6},"end":{"line":12,"column":11}},"2":{"start":{"line":13,"column":2},"end":{"line":62,"column":4}},"3":{"start":{"line":65,"column":0},"end":{"line":79,"column":2}},"4":{"start":{"line":81,"column":0},"end":{"line":95,"column":2}}},"fnMap":{"0":{"name":"(anonymous_0)","decl":{"start":{"line":6,"column":23},"end":{"line":6,"column":24}},"loc":{"start":{"line":6,"column":34},"end":{"line":63,"column":1}},"line":6}},"branchMap":{},"s":{"0":5,"1":1,"2":1,"3":5,"4":5},"f":{"0":1},"b":{},"_coverageSchema":"1a1c01bbd47fc00a2c39e90264f33305004495a9","hash":"76eb96b48a3a69de61dbca075bb2a91277ce47ee"}
,"/Users/hermit/mvp/client/components/AbsentStory-Interactions/StoryButtonClick.jsx": {"path":"/Users/hermit/mvp/client/components/AbsentStory-Interactions/StoryButtonClick.jsx","statementMap":{"0":{"start":{"line":5,"column":25},"end":{"line":15,"column":1}},"1":{"start":{"line":6,"column":30},"end":{"line":6,"column":35}},"2":{"start":{"line":7,"column":2},"end":{"line":14,"column":4}},"3":{"start":{"line":16,"column":0},"end":{"line":18,"column":2}},"4":{"start":{"line":19,"column":0},"end":{"line":21,"column":2}}},"fnMap":{"0":{"name":"(anonymous_0)","decl":{"start":{"line":5,"column":25},"end":{"line":5,"column":26}},"loc":{"start":{"line":5,"column":36},"end":{"line":15,"column":1}},"line":5}},"branchMap":{},"s":{"0":3,"1":1,"2":1,"3":3,"4":3},"f":{"0":1},"b":{},"_coverageSchema":"1a1c01bbd47fc00a2c39e90264f33305004495a9","hash":"3473d201c59c8ae41a296bfb2c452a9c7a427868"}
,"/Users/hermit/mvp/client/components/AuthBar-Interactions/LoginButton.jsx": {"path":"/Users/hermit/mvp/client/components/AuthBar-Interactions/LoginButton.jsx","statementMap":{"0":{"start":{"line":5,"column":20},"end":{"line":16,"column":1}},"1":{"start":{"line":6,"column":32},"end":{"line":6,"column":42}},"2":{"start":{"line":7,"column":2},"end":{"line":15,"column":4}},"3":{"start":{"line":9,"column":21},"end":{"line":9,"column":40}}},"fnMap":{"0":{"name":"(anonymous_0)","decl":{"start":{"line":5,"column":20},"end":{"line":5,"column":21}},"loc":{"start":{"line":5,"column":26},"end":{"line":16,"column":1}},"line":5},"1":{"name":"(anonymous_1)","decl":{"start":{"line":9,"column":15},"end":{"line":9,"column":16}},"loc":{"start":{"line":9,"column":21},"end":{"line":9,"column":40}},"line":9}},"branchMap":{},"s":{"0":3,"1":1,"2":1,"3":0},"f":{"0":1,"1":0},"b":{},"_coverageSchema":"1a1c01bbd47fc00a2c39e90264f33305004495a9","hash":"173a5c3a51210314d4e8ad6346b5ffbb85591ffd"}
,"/Users/hermit/mvp/client/components/AuthBar-Interactions/LogoutButton.jsx": {"path":"/Users/hermit/mvp/client/components/AuthBar-Interactions/LogoutButton.jsx","statementMap":{"0":{"start":{"line":5,"column":21},"end":{"line":18,"column":1}},"1":{"start":{"line":6,"column":21},"end":{"line":6,"column":31}},"2":{"start":{"line":7,"column":2},"end":{"line":17,"column":4}},"3":{"start":{"line":9,"column":21},"end":{"line":11,"column":8}}},"fnMap":{"0":{"name":"(anonymous_0)","decl":{"start":{"line":5,"column":21},"end":{"line":5,"column":22}},"loc":{"start":{"line":5,"column":27},"end":{"line":18,"column":1}},"line":5},"1":{"name":"(anonymous_1)","decl":{"start":{"line":9,"column":15},"end":{"line":9,"column":16}},"loc":{"start":{"line":9,"column":21},"end":{"line":11,"column":8}},"line":9}},"branchMap":{},"s":{"0":3,"1":1,"2":1,"3":0},"f":{"0":1,"1":0},"b":{},"_coverageSchema":"1a1c01bbd47fc00a2c39e90264f33305004495a9","hash":"1cd2f97064c8823318875ea2fc11657748ba0a6b"}
,"/Users/hermit/mvp/client/components/AuthBar-Interactions/SignUpButton.jsx": {"path":"/Users/hermit/mvp/client/components/AuthBar-Interactions/SignUpButton.jsx","statementMap":{"0":{"start":{"line":5,"column":21},"end":{"line":18,"column":1}},"1":{"start":{"line":6,"column":32},"end":{"line":6,"column":42}},"2":{"start":{"line":7,"column":2},"end":{"line":17,"column":4}},"3":{"start":{"line":9,"column":21},"end":{"line":11,"column":8}}},"fnMap":{"0":{"name":"(anonymous_0)","decl":{"start":{"line":5,"column":21},"end":{"line":5,"column":22}},"loc":{"start":{"line":5,"column":27},"end":{"line":18,"column":1}},"line":5},"1":{"name":"(anonymous_1)","decl":{"start":{"line":9,"column":15},"end":{"line":9,"column":16}},"loc":{"start":{"line":9,"column":21},"end":{"line":11,"column":8}},"line":9}},"branchMap":{},"s":{"0":1,"1":1,"2":1,"3":0},"f":{"0":1,"1":0},"b":{},"_coverageSchema":"1a1c01bbd47fc00a2c39e90264f33305004495a9","hash":"c952a192d17ffe880054b281b11fa60ed8c6b33f"}
,"/Users/hermit/mvp/client/components/StoryForm-Interactions/StoryFormSubmit.jsx": {"path":"/Users/hermit/mvp/client/components/StoryForm-Interactions/StoryFormSubmit.jsx","statementMap":{"0":{"start":{"line":5,"column":24},"end":{"line":34,"column":1}},"1":{"start":{"line":6,"column":24},"end":{"line":25,"column":3}},"2":{"start":{"line":7,"column":32},"end":{"line":7,"column":37}},"3":{"start":{"line":8,"column":22},"end":{"line":8,"column":65}},"4":{"start":{"line":9,"column":21},"end":{"line":9,"column":68}},"5":{"start":{"line":10,"column":21},"end":{"line":10,"column":63}},"6":{"start":{"line":11,"column":23},"end":{"line":11,"column":67}},"7":{"start":{"line":12,"column":18},"end":{"line":12,"column":62}},"8":{"start":{"line":13,"column":4},"end":{"line":24,"column":5}},"9":{"start":{"line":21,"column":6},"end":{"line":21,"column":48}},"10":{"start":{"line":23,"column":6},"end":{"line":23,"column":72}},"11":{"start":{"line":26,"column":2},"end":{"line":33,"column":4}},"12":{"start":{"line":35,"column":0},"end":{"line":37,"column":2}},"13":{"start":{"line":38,"column":0},"end":{"line":40,"column":2}}},"fnMap":{"0":{"name":"(anonymous_0)","decl":{"start":{"line":5,"column":24},"end":{"line":5,"column":25}},"loc":{"start":{"line":5,"column":35},"end":{"line":34,"column":1}},"line":5},"1":{"name":"(anonymous_1)","decl":{"start":{"line":6,"column":24},"end":{"line":6,"column":25}},"loc":{"start":{"line":6,"column":30},"end":{"line":25,"column":3}},"line":6}},"branchMap":{"0":{"loc":{"start":{"line":13,"column":4},"end":{"line":24,"column":5}},"type":"if","locations":[{"start":{"line":13,"column":4},"end":{"line":24,"column":5}},{"start":{"line":13,"column":4},"end":{"line":24,"column":5}}],"line":13},"1":{"loc":{"start":{"line":14,"column":6},"end":{"line":18,"column":21}},"type":"binary-expr","locations":[{"start":{"line":14,"column":6},"end":{"line":14,"column":22}},{"start":{"line":15,"column":9},"end":{"line":15,"column":24}},{"start":{"line":16,"column":9},"end":{"line":16,"column":24}},{"start":{"line":17,"column":9},"end":{"line":17,"column":26}},{"start":{"line":18,"column":9},"end":{"line":18,"column":21}}],"line":14}},"s":{"0":4,"1":1,"2":0,"3":0,"4":0,"5":0,"6":0,"7":0,"8":0,"9":0,"10":0,"11":1,"12":4,"13":4},"f":{"0":1,"1":0},"b":{"0":[0,0],"1":[0,0,0,0,0]},"_coverageSchema":"1a1c01bbd47fc00a2c39e90264f33305004495a9","hash":"1a042228129c5fabc88021b14b85160df2dd3295"}
,"/Users/hermit/mvp/client/components/SubStory-Interactions/ShowSubForm.jsx": {"path":"/Users/hermit/mvp/client/components/SubStory-Interactions/ShowSubForm.jsx","statementMap":{"0":{"start":{"line":5,"column":20},"end":{"line":15,"column":1}},"1":{"start":{"line":6,"column":28},"end":{"line":6,"column":33}},"2":{"start":{"line":7,"column":2},"end":{"line":14,"column":4}},"3":{"start":{"line":16,"column":0},"end":{"line":18,"column":2}},"4":{"start":{"line":19,"column":0},"end":{"line":21,"column":2}}},"fnMap":{"0":{"name":"(anonymous_0)","decl":{"start":{"line":5,"column":20},"end":{"line":5,"column":21}},"loc":{"start":{"line":5,"column":31},"end":{"line":15,"column":1}},"line":5}},"branchMap":{},"s":{"0":4,"1":1,"2":1,"3":4,"4":4},"f":{"0":1},"b":{},"_coverageSchema":"1a1c01bbd47fc00a2c39e90264f33305004495a9","hash":"f0a432f61cef32d39552a9c96acb3b368c04bee0"}
,"/Users/hermit/mvp/client/components/SubStory-Interactions/ShowSubStories.jsx": {"path":"/Users/hermit/mvp/client/components/SubStory-Interactions/ShowSubStories.jsx","statementMap":{"0":{"start":{"line":5,"column":23},"end":{"line":15,"column":1}},"1":{"start":{"line":6,"column":31},"end":{"line":6,"column":36}},"2":{"start":{"line":7,"column":2},"end":{"line":14,"column":4}},"3":{"start":{"line":16,"column":0},"end":{"line":18,"column":2}},"4":{"start":{"line":20,"column":0},"end":{"line":22,"column":2}}},"fnMap":{"0":{"name":"(anonymous_0)","decl":{"start":{"line":5,"column":23},"end":{"line":5,"column":24}},"loc":{"start":{"line":5,"column":34},"end":{"line":15,"column":1}},"line":5}},"branchMap":{},"s":{"0":4,"1":1,"2":1,"3":4,"4":4},"f":{"0":1},"b":{},"_coverageSchema":"1a1c01bbd47fc00a2c39e90264f33305004495a9","hash":"ea6ec62031ca2f9b54170a2fe3797536cde5454f"}
,"/Users/hermit/mvp/client/components/SubStoryForm-Interactions/SubStorySubmit.jsx": {"path":"/Users/hermit/mvp/client/components/SubStoryForm-Interactions/SubStorySubmit.jsx","statementMap":{"0":{"start":{"line":5,"column":23},"end":{"line":35,"column":1}},"1":{"start":{"line":6,"column":25},"end":{"line":25,"column":3}},"2":{"start":{"line":7,"column":35},"end":{"line":7,"column":40}},"3":{"start":{"line":8,"column":20},"end":{"line":8,"column":72}},"4":{"start":{"line":9,"column":19},"end":{"line":9,"column":75}},"5":{"start":{"line":10,"column":19},"end":{"line":10,"column":70}},"6":{"start":{"line":11,"column":21},"end":{"line":11,"column":74}},"7":{"start":{"line":12,"column":21},"end":{"line":12,"column":74}},"8":{"start":{"line":13,"column":4},"end":{"line":24,"column":5}},"9":{"start":{"line":21,"column":6},"end":{"line":21,"column":48}},"10":{"start":{"line":23,"column":6},"end":{"line":23,"column":70}},"11":{"start":{"line":26,"column":2},"end":{"line":34,"column":4}},"12":{"start":{"line":36,"column":0},"end":{"line":38,"column":2}},"13":{"start":{"line":39,"column":0},"end":{"line":41,"column":2}}},"fnMap":{"0":{"name":"(anonymous_0)","decl":{"start":{"line":5,"column":23},"end":{"line":5,"column":24}},"loc":{"start":{"line":5,"column":34},"end":{"line":35,"column":1}},"line":5},"1":{"name":"(anonymous_1)","decl":{"start":{"line":6,"column":25},"end":{"line":6,"column":26}},"loc":{"start":{"line":6,"column":31},"end":{"line":25,"column":3}},"line":6}},"branchMap":{"0":{"loc":{"start":{"line":13,"column":4},"end":{"line":24,"column":5}},"type":"if","locations":[{"start":{"line":13,"column":4},"end":{"line":24,"column":5}},{"start":{"line":13,"column":4},"end":{"line":24,"column":5}}],"line":13},"1":{"loc":{"start":{"line":14,"column":6},"end":{"line":18,"column":24}},"type":"binary-expr","locations":[{"start":{"line":14,"column":6},"end":{"line":14,"column":20}},{"start":{"line":15,"column":9},"end":{"line":15,"column":22}},{"start":{"line":16,"column":9},"end":{"line":16,"column":22}},{"start":{"line":17,"column":9},"end":{"line":17,"column":24}},{"start":{"line":18,"column":9},"end":{"line":18,"column":24}}],"line":14}},"s":{"0":4,"1":1,"2":0,"3":0,"4":0,"5":0,"6":0,"7":0,"8":0,"9":0,"10":0,"11":1,"12":4,"13":4},"f":{"0":1,"1":0},"b":{"0":[0,0],"1":[0,0,0,0,0]},"_coverageSchema":"1a1c01bbd47fc00a2c39e90264f33305004495a9","hash":"e22d2c4f39eaead7f954d3cd974c2a9e285ff0b2"}
,"/Users/hermit/mvp/client/components/SubStoryList-Interactions/GoBack.jsx": {"path":"/Users/hermit/mvp/client/components/SubStoryList-Interactions/GoBack.jsx","statementMap":{"0":{"start":{"line":5,"column":15},"end":{"line":16,"column":1}},"1":{"start":{"line":6,"column":23},"end":{"line":6,"column":28}},"2":{"start":{"line":7,"column":2},"end":{"line":15,"column":4}},"3":{"start":{"line":17,"column":0},"end":{"line":19,"column":2}},"4":{"start":{"line":20,"column":0},"end":{"line":22,"column":2}}},"fnMap":{"0":{"name":"(anonymous_0)","decl":{"start":{"line":5,"column":15},"end":{"line":5,"column":16}},"loc":{"start":{"line":5,"column":26},"end":{"line":16,"column":1}},"line":5}},"branchMap":{},"s":{"0":5,"1":1,"2":1,"3":5,"4":5},"f":{"0":1},"b":{},"_coverageSchema":"1a1c01bbd47fc00a2c39e90264f33305004495a9","hash":"02f7609c79205f5a9a57b9f164e649f9e56506ac"}
,"/Users/hermit/mvp/client/components/SubStoryList-Interactions/SubStoryListItem.jsx": {"path":"/Users/hermit/mvp/client/components/SubStoryList-Interactions/SubStoryListItem.jsx","statementMap":{"0":{"start":{"line":5,"column":25},"end":{"line":24,"column":1}},"1":{"start":{"line":6,"column":36},"end":{"line":6,"column":41}},"2":{"start":{"line":7,"column":18},"end":{"line":15,"column":3}},"3":{"start":{"line":8,"column":4},"end":{"line":14,"column":9}},"4":{"start":{"line":10,"column":8},"end":{"line":10,"column":32}},"5":{"start":{"line":13,"column":8},"end":{"line":13,"column":25}},"6":{"start":{"line":16,"column":18},"end":{"line":16,"column":166}},"7":{"start":{"line":16,"column":36},"end":{"line":16,"column":165}},"8":{"start":{"line":17,"column":2},"end":{"line":23,"column":4}},"9":{"start":{"line":25,"column":0},"end":{"line":28,"column":2}},"10":{"start":{"line":29,"column":0},"end":{"line":31,"column":2}}},"fnMap":{"0":{"name":"(anonymous_0)","decl":{"start":{"line":5,"column":25},"end":{"line":5,"column":26}},"loc":{"start":{"line":5,"column":36},"end":{"line":24,"column":1}},"line":5},"1":{"name":"(anonymous_1)","decl":{"start":{"line":7,"column":18},"end":{"line":7,"column":19}},"loc":{"start":{"line":7,"column":29},"end":{"line":15,"column":3}},"line":7},"2":{"name":"(anonymous_2)","decl":{"start":{"line":9,"column":12},"end":{"line":9,"column":13}},"loc":{"start":{"line":9,"column":24},"end":{"line":11,"column":7}},"line":9},"3":{"name":"(anonymous_3)","decl":{"start":{"line":12,"column":13},"end":{"line":12,"column":14}},"loc":{"start":{"line":12,"column":22},"end":{"line":14,"column":7}},"line":12},"4":{"name":"(anonymous_4)","decl":{"start":{"line":16,"column":27},"end":{"line":16,"column":28}},"loc":{"start":{"line":16,"column":36},"end":{"line":16,"column":165}},"line":16}},"branchMap":{},"s":{"0":5,"1":1,"2":1,"3":0,"4":0,"5":0,"6":1,"7":2,"8":1,"9":5,"10":5},"f":{"0":1,"1":0,"2":0,"3":0,"4":2},"b":{},"_coverageSchema":"1a1c01bbd47fc00a2c39e90264f33305004495a9","hash":"f5a014a622f51fe3410336e9be96276f428f94f0"}
,"/Users/hermit/mvp/client/components/SubStoryList-Interactions/SubstorySort.jsx": {"path":"/Users/hermit/mvp/client/components/SubStoryList-Interactions/SubstorySort.jsx","statementMap":{"0":{"start":{"line":5,"column":21},"end":{"line":33,"column":1}},"1":{"start":{"line":6,"column":31},"end":{"line":6,"column":36}},"2":{"start":{"line":7,"column":17},"end":{"line":7,"column":29}},"3":{"start":{"line":8,"column":22},"end":{"line":11,"column":3}},"4":{"start":{"line":9,"column":4},"end":{"line":9,"column":39}},"5":{"start":{"line":9,"column":26},"end":{"line":9,"column":37}},"6":{"start":{"line":10,"column":4},"end":{"line":10,"column":23}},"7":{"start":{"line":12,"column":23},"end":{"line":15,"column":3}},"8":{"start":{"line":13,"column":4},"end":{"line":13,"column":39}},"9":{"start":{"line":13,"column":26},"end":{"line":13,"column":37}},"10":{"start":{"line":14,"column":4},"end":{"line":14,"column":23}},"11":{"start":{"line":16,"column":23},"end":{"line":19,"column":3}},"12":{"start":{"line":17,"column":4},"end":{"line":17,"column":51}},"13":{"start":{"line":17,"column":26},"end":{"line":17,"column":49}},"14":{"start":{"line":18,"column":4},"end":{"line":18,"column":23}},"15":{"start":{"line":20,"column":24},"end":{"line":23,"column":3}},"16":{"start":{"line":21,"column":4},"end":{"line":21,"column":51}},"17":{"start":{"line":21,"column":26},"end":{"line":21,"column":49}},"18":{"start":{"line":22,"column":4},"end":{"line":22,"column":23}},"19":{"start":{"line":25,"column":2},"end":{"line":32,"column":4}},"20":{"start":{"line":34,"column":0},"end":{"line":37,"column":2}},"21":{"start":{"line":38,"column":0},"end":{"line":40,"column":2}}},"fnMap":{"0":{"name":"(anonymous_0)","decl":{"start":{"line":5,"column":21},"end":{"line":5,"column":22}},"loc":{"start":{"line":5,"column":32},"end":{"line":33,"column":1}},"line":5},"1":{"name":"(anonymous_1)","decl":{"start":{"line":8,"column":22},"end":{"line":8,"column":23}},"loc":{"start":{"line":8,"column":28},"end":{"line":11,"column":3}},"line":8},"2":{"name":"(anonymous_2)","decl":{"start":{"line":9,"column":16},"end":{"line":9,"column":17}},"loc":{"start":{"line":9,"column":26},"end":{"line":9,"column":37}},"line":9},"3":{"name":"(anonymous_3)","decl":{"start":{"line":12,"column":23},"end":{"line":12,"column":24}},"loc":{"start":{"line":12,"column":29},"end":{"line":15,"column":3}},"line":12},"4":{"name":"(anonymous_4)","decl":{"start":{"line":13,"column":16},"end":{"line":13,"column":17}},"loc":{"start":{"line":13,"column":26},"end":{"line":13,"column":37}},"line":13},"5":{"name":"(anonymous_5)","decl":{"start":{"line":16,"column":23},"end":{"line":16,"column":24}},"loc":{"start":{"line":16,"column":29},"end":{"line":19,"column":3}},"line":16},"6":{"name":"(anonymous_6)","decl":{"start":{"line":17,"column":16},"end":{"line":17,"column":17}},"loc":{"start":{"line":17,"column":26},"end":{"line":17,"column":49}},"line":17},"7":{"name":"(anonymous_7)","decl":{"start":{"line":20,"column":24},"end":{"line":20,"column":25}},"loc":{"start":{"line":20,"column":30},"end":{"line":23,"column":3}},"line":20},"8":{"name":"(anonymous_8)","decl":{"start":{"line":21,"column":16},"end":{"line":21,"column":17}},"loc":{"start":{"line":21,"column":26},"end":{"line":21,"column":49}},"line":21}},"branchMap":{},"s":{"0":5,"1":1,"2":1,"3":1,"4":0,"5":0,"6":0,"7":1,"8":0,"9":0,"10":0,"11":1,"12":0,"13":0,"14":0,"15":1,"16":0,"17":0,"18":0,"19":1,"20":5,"21":5},"f":{"0":1,"1":0,"2":0,"3":0,"4":0,"5":0,"6":0,"7":0,"8":0},"b":{},"_coverageSchema":"1a1c01bbd47fc00a2c39e90264f33305004495a9","hash":"c04b34bb16b3f03b84e244c1001309c94e4ec9c7"}
,"/Users/hermit/mvp/client/components/SubStoryRender-Interactions/SubStoryDislike.jsx": {"path":"/Users/hermit/mvp/client/components/SubStoryRender-Interactions/SubStoryDislike.jsx","statementMap":{"0":{"start":{"line":7,"column":24},"end":{"line":36,"column":1}},"1":{"start":{"line":8,"column":36},"end":{"line":8,"column":46}},"2":{"start":{"line":10,"column":23},"end":{"line":27,"column":3}},"3":{"start":{"line":11,"column":47},"end":{"line":11,"column":52}},"4":{"start":{"line":12,"column":4},"end":{"line":26,"column":5}},"5":{"start":{"line":13,"column":6},"end":{"line":22,"column":11}},"6":{"start":{"line":18,"column":10},"end":{"line":18,"column":20}},"7":{"start":{"line":21,"column":10},"end":{"line":21,"column":45}},"8":{"start":{"line":25,"column":6},"end":{"line":25,"column":55}},"9":{"start":{"line":29,"column":2},"end":{"line":35,"column":4}},"10":{"start":{"line":37,"column":0},"end":{"line":50,"column":2}},"11":{"start":{"line":51,"column":0},"end":{"line":64,"column":2}}},"fnMap":{"0":{"name":"(anonymous_0)","decl":{"start":{"line":7,"column":24},"end":{"line":7,"column":25}},"loc":{"start":{"line":7,"column":35},"end":{"line":36,"column":1}},"line":7},"1":{"name":"(anonymous_1)","decl":{"start":{"line":10,"column":23},"end":{"line":10,"column":24}},"loc":{"start":{"line":10,"column":29},"end":{"line":27,"column":3}},"line":10},"2":{"name":"(anonymous_2)","decl":{"start":{"line":17,"column":14},"end":{"line":17,"column":15}},"loc":{"start":{"line":17,"column":20},"end":{"line":19,"column":9}},"line":17},"3":{"name":"(anonymous_3)","decl":{"start":{"line":20,"column":15},"end":{"line":20,"column":16}},"loc":{"start":{"line":20,"column":24},"end":{"line":22,"column":9}},"line":20}},"branchMap":{"0":{"loc":{"start":{"line":12,"column":4},"end":{"line":26,"column":5}},"type":"if","locations":[{"start":{"line":12,"column":4},"end":{"line":26,"column":5}},{"start":{"line":12,"column":4},"end":{"line":26,"column":5}}],"line":12}},"s":{"0":6,"1":1,"2":1,"3":0,"4":0,"5":0,"6":0,"7":0,"8":0,"9":1,"10":6,"11":6},"f":{"0":1,"1":0,"2":0,"3":0},"b":{"0":[0,0]},"_coverageSchema":"1a1c01bbd47fc00a2c39e90264f33305004495a9","hash":"82f1a55a95ae72ce2f459cb561c210e588ab59c3"}
,"/Users/hermit/mvp/client/components/SubStoryRender-Interactions/SubStoryLike.jsx": {"path":"/Users/hermit/mvp/client/components/SubStoryRender-Interactions/SubStoryLike.jsx","statementMap":{"0":{"start":{"line":7,"column":21},"end":{"line":36,"column":1}},"1":{"start":{"line":8,"column":36},"end":{"line":8,"column":46}},"2":{"start":{"line":10,"column":20},"end":{"line":27,"column":3}},"3":{"start":{"line":11,"column":44},"end":{"line":11,"column":49}},"4":{"start":{"line":12,"column":4},"end":{"line":26,"column":5}},"5":{"start":{"line":13,"column":6},"end":{"line":22,"column":11}},"6":{"start":{"line":18,"column":10},"end":{"line":18,"column":17}},"7":{"start":{"line":21,"column":10},"end":{"line":21,"column":42}},"8":{"start":{"line":25,"column":6},"end":{"line":25,"column":52}},"9":{"start":{"line":29,"column":2},"end":{"line":35,"column":4}},"10":{"start":{"line":37,"column":0},"end":{"line":50,"column":2}},"11":{"start":{"line":51,"column":0},"end":{"line":64,"column":2}}},"fnMap":{"0":{"name":"(anonymous_0)","decl":{"start":{"line":7,"column":21},"end":{"line":7,"column":22}},"loc":{"start":{"line":7,"column":32},"end":{"line":36,"column":1}},"line":7},"1":{"name":"(anonymous_1)","decl":{"start":{"line":10,"column":20},"end":{"line":10,"column":21}},"loc":{"start":{"line":10,"column":26},"end":{"line":27,"column":3}},"line":10},"2":{"name":"(anonymous_2)","decl":{"start":{"line":17,"column":14},"end":{"line":17,"column":15}},"loc":{"start":{"line":17,"column":20},"end":{"line":19,"column":9}},"line":17},"3":{"name":"(anonymous_3)","decl":{"start":{"line":20,"column":15},"end":{"line":20,"column":16}},"loc":{"start":{"line":20,"column":24},"end":{"line":22,"column":9}},"line":20}},"branchMap":{"0":{"loc":{"start":{"line":12,"column":4},"end":{"line":26,"column":5}},"type":"if","locations":[{"start":{"line":12,"column":4},"end":{"line":26,"column":5}},{"start":{"line":12,"column":4},"end":{"line":26,"column":5}}],"line":12}},"s":{"0":6,"1":1,"2":1,"3":0,"4":0,"5":0,"6":0,"7":0,"8":0,"9":1,"10":6,"11":6},"f":{"0":1,"1":0,"2":0,"3":0},"b":{"0":[0,0]},"_coverageSchema":"1a1c01bbd47fc00a2c39e90264f33305004495a9","hash":"53fc734b905720badb45ebfe5164811266984828"}
}
