TN:
SF:client/components/AbsentStory.jsx
FN:6,(anonymous_0)
FNF:1
FNH:1
FNDA:5,(anonymous_0)
DA:6,2
DA:12,5
DA:13,5
DA:35,2
DA:41,2
LF:5
LH:5
BRDA:15,0,0,1
BRDA:15,0,1,4
BRDA:26,1,0,1
BRDA:26,1,1,4
BRF:4
BRH:4
end_of_record
TN:
SF:client/components/App.jsx
FN:10,(anonymous_0)
FN:12,(anonymous_1)
FN:16,(anonymous_2)
FN:60,(anonymous_3)
FN:75,(anonymous_4)
FN:90,(anonymous_5)
FN:102,(anonymous_6)
FN:114,(anonymous_7)
FN:126,(anonymous_8)
FN:138,(anonymous_9)
FN:140,(anonymous_10)
FN:154,(anonymous_11)
FN:166,(anonymous_12)
FN:173,(anonymous_13)
FN:184,(anonymous_14)
FN:188,(anonymous_15)
FN:200,(anonymous_16)
FN:210,(anonymous_17)
FN:214,(anonymous_18)
FN:226,(anonymous_19)
FN:237,(anonymous_20)
FNF:21
FNH:19
FNDA:1,(anonymous_0)
FNDA:0,(anonymous_1)
FNDA:16,(anonymous_2)
FNDA:1,(anonymous_3)
FNDA:1,(anonymous_4)
FNDA:1,(anonymous_5)
FNDA:1,(anonymous_6)
FNDA:1,(anonymous_7)
FNDA:2,(anonymous_8)
FNDA:2,(anonymous_9)
FNDA:1,(anonymous_10)
FNDA:1,(anonymous_11)
FNDA:1,(anonymous_12)
FNDA:2,(anonymous_13)
FNDA:1,(anonymous_14)
FNDA:1,(anonymous_15)
FNDA:2,(anonymous_16)
FNDA:1,(anonymous_17)
FNDA:1,(anonymous_18)
FNDA:0,(anonymous_19)
FNDA:25,(anonymous_20)
DA:11,1
DA:12,1
DA:13,1
DA:17,16
DA:18,16
DA:42,16
DA:43,16
DA:44,16
DA:45,16
DA:46,16
DA:47,16
DA:48,16
DA:49,16
DA:50,16
DA:51,16
DA:52,16
DA:61,1
DA:76,1
DA:91,1
DA:103,1
DA:115,1
DA:127,2
DA:128,2
DA:139,2
DA:140,2
DA:141,1
DA:156,1
DA:158,2
DA:167,1
DA:174,2
DA:175,2
DA:184,2
DA:186,1
DA:188,2
DA:189,1
DA:191,2
DA:201,2
DA:202,2
DA:210,2
DA:212,1
DA:214,2
DA:215,1
DA:217,2
DA:228,0
DA:229,0
DA:253,25
DA:254,25
LF:47
LH:45
BRDA:191,0,0,2
BRDA:191,0,1,0
BRDA:217,1,0,2
BRDA:217,1,1,0
BRDA:278,2,0,2
BRDA:278,2,1,23
BRDA:292,3,0,1
BRDA:292,3,1,24
BRF:8
BRH:6
end_of_record
TN:
SF:client/components/Auth0ProviderWithHistory.jsx
FN:5,(anonymous_0)
FN:11,(anonymous_1)
FNF:2
FNH:1
FNDA:1,(anonymous_0)
FNDA:0,(anonymous_1)
DA:5,1
DA:6,1
DA:7,1
DA:9,1
DA:11,1
DA:12,0
DA:15,1
LF:7
LH:6
BRDA:12,0,0,0
BRDA:12,0,1,0
BRF:2
BRH:0
end_of_record
TN:
SF:client/components/AuthBar.jsx
FN:9,(anonymous_0)
FNF:1
FNH:1
FNDA:1,(anonymous_0)
DA:9,2
DA:10,1
DA:12,1
LF:3
LH:3
BRDA:14,0,0,0
BRDA:14,0,1,1
BRF:2
BRH:1
end_of_record
TN:
SF:client/components/CurrentUser.jsx
FN:6,(anonymous_0)
FN:12,(anonymous_1)
FN:15,(anonymous_2)
FNF:3
FNH:1
FNDA:1,(anonymous_0)
FNDA:0,(anonymous_1)
FNDA:0,(anonymous_2)
DA:6,2
DA:7,1
DA:8,1
DA:10,1
DA:11,1
DA:13,0
DA:16,0
DA:20,1
DA:33,2
DA:37,2
LF:10
LH:8
BRDA:10,0,0,1
BRDA:10,0,1,0
BRDA:22,1,0,1
BRDA:22,1,1,0
BRF:4
BRH:2
end_of_record
TN:
SF:client/components/LocationInfo.jsx
FN:4,(anonymous_0)
FN:9,(anonymous_1)
FNF:2
FNH:2
FNDA:1,(anonymous_0)
FNDA:1,(anonymous_1)
DA:5,1
DA:6,1
DA:10,1
LF:3
LH:3
BRF:0
BRH:0
end_of_record
TN:
SF:client/components/Mapzone.jsx
FN:7,(anonymous_0)
FN:27,(anonymous_1)
FN:32,(anonymous_2)
FN:48,(anonymous_3)
FN:53,(anonymous_4)
FN:64,(anonymous_5)
FN:77,(anonymous_6)
FN:84,(anonymous_7)
FN:102,(anonymous_8)
FNF:9
FNH:3
FNDA:1,(anonymous_0)
FNDA:1,(anonymous_1)
FNDA:0,(anonymous_2)
FNDA:0,(anonymous_3)
FNDA:0,(anonymous_4)
FNDA:0,(anonymous_5)
FNDA:0,(anonymous_6)
FNDA:0,(anonymous_7)
FNDA:1,(anonymous_8)
DA:8,1
DA:9,1
DA:17,1
DA:18,1
DA:19,1
DA:28,1
DA:29,1
DA:30,1
DA:31,1
DA:33,0
DA:34,0
DA:36,0
DA:39,0
DA:42,0
DA:47,0
DA:48,0
DA:49,0
DA:51,0
DA:55,0
DA:65,0
DA:66,0
DA:67,0
DA:68,0
DA:69,0
DA:71,0
DA:74,0
DA:78,0
DA:79,0
DA:80,0
DA:85,0
DA:86,0
DA:87,0
DA:88,0
DA:92,0
DA:93,0
DA:94,0
DA:103,1
DA:110,2
DA:115,2
LF:39
LH:12
BRDA:68,0,0,0
BRDA:68,0,1,0
BRDA:86,1,0,0
BRDA:86,1,1,0
BRF:4
BRH:0
end_of_record
TN:
SF:client/components/PresentStory.jsx
FN:7,(anonymous_0)
FN:18,(anonymous_1)
FN:21,(anonymous_2)
FN:28,(anonymous_3)
FN:34,(anonymous_4)
FN:40,(anonymous_5)
FNF:6
FNH:6
FNDA:8,(anonymous_0)
FNDA:2,(anonymous_1)
FNDA:1,(anonymous_2)
FNDA:1,(anonymous_3)
FNDA:1,(anonymous_4)
FNDA:10,(anonymous_5)
DA:8,8
DA:9,8
DA:13,8
DA:14,8
DA:19,2
DA:20,2
DA:22,1
DA:26,1
DA:29,1
DA:35,1
DA:58,10
DA:59,10
DA:60,10
DA:154,2
DA:181,2
LF:15
LH:15
BRDA:112,0,0,1
BRDA:112,0,1,9
BRDA:126,1,0,1
BRDA:126,1,1,9
BRF:4
BRH:4
end_of_record
TN:
SF:client/components/StoryForm.jsx
FN:5,(anonymous_0)
FNF:1
FNH:1
FNDA:1,(anonymous_0)
DA:5,3
DA:6,1
DA:7,1
DA:54,3
DA:57,3
LF:5
LH:5
BRF:0
BRH:0
end_of_record
TN:
SF:client/components/SubStory.jsx
FN:8,(anonymous_0)
FNF:1
FNH:1
FNDA:1,(anonymous_0)
DA:8,3
DA:27,1
DA:28,1
DA:94,3
DA:120,3
LF:5
LH:5
BRDA:31,0,0,0
BRDA:31,0,1,1
BRDA:34,1,0,0
BRDA:34,1,1,0
BRDA:49,2,0,0
BRDA:49,2,1,1
BRDA:58,3,0,0
BRDA:58,3,1,1
BRDA:78,4,0,0
BRDA:78,4,1,1
BRDA:85,5,0,0
BRDA:85,5,1,1
BRF:12
BRH:5
end_of_record
TN:
SF:client/components/SubStoryForm.jsx
FN:5,(anonymous_0)
FNF:1
FNH:0
FNDA:0,(anonymous_0)
DA:5,3
DA:6,0
DA:7,0
DA:60,3
DA:64,3
LF:5
LH:3
BRF:0
BRH:0
end_of_record
TN:
SF:client/components/SubStoryList.jsx
FN:9,(anonymous_0)
FN:28,(anonymous_1)
FN:34,(anonymous_2)
FN:40,(anonymous_3)
FN:48,(anonymous_4)
FNF:5
FNH:2
FNDA:1,(anonymous_0)
FNDA:0,(anonymous_1)
FNDA:0,(anonymous_2)
FNDA:0,(anonymous_3)
FNDA:1,(anonymous_4)
DA:10,1
DA:11,1
DA:23,1
DA:24,1
DA:25,1
DA:29,0
DA:30,0
DA:31,0
DA:35,0
DA:36,0
DA:37,0
DA:41,0
DA:42,0
DA:43,0
DA:57,1
DA:58,1
DA:59,1
DA:107,4
DA:125,4
LF:19
LH:10
BRDA:61,0,0,0
BRDA:61,0,1,1
BRDA:86,1,0,0
BRDA:86,1,1,1
BRF:4
BRH:2
end_of_record
TN:
SF:client/components/SubStoryRender.jsx
FN:6,(anonymous_0)
FNF:1
FNH:1
FNDA:1,(anonymous_0)
DA:6,5
DA:12,1
DA:13,1
DA:65,5
DA:81,5
LF:5
LH:5
BRF:0
BRH:0
end_of_record
TN:
SF:client/components/AbsentStory-Interactions/StoryButtonClick.jsx
FN:5,(anonymous_0)
FNF:1
FNH:1
FNDA:1,(anonymous_0)
DA:5,3
DA:6,1
DA:7,1
DA:16,3
DA:19,3
LF:5
LH:5
BRF:0
BRH:0
end_of_record
TN:
SF:client/components/AuthBar-Interactions/LoginButton.jsx
FN:5,(anonymous_0)
FN:9,(anonymous_1)
FNF:2
FNH:1
FNDA:1,(anonymous_0)
FNDA:0,(anonymous_1)
DA:5,3
DA:6,1
DA:7,1
DA:9,0
LF:4
LH:3
BRF:0
BRH:0
end_of_record
TN:
SF:client/components/AuthBar-Interactions/LogoutButton.jsx
FN:5,(anonymous_0)
FN:9,(anonymous_1)
FNF:2
FNH:1
FNDA:1,(anonymous_0)
FNDA:0,(anonymous_1)
DA:5,3
DA:6,1
DA:7,1
DA:9,0
LF:4
LH:3
BRF:0
BRH:0
end_of_record
TN:
SF:client/components/AuthBar-Interactions/SignUpButton.jsx
FN:5,(anonymous_0)
FN:9,(anonymous_1)
FNF:2
FNH:1
FNDA:1,(anonymous_0)
FNDA:0,(anonymous_1)
DA:5,1
DA:6,1
DA:7,1
DA:9,0
LF:4
LH:3
BRF:0
BRH:0
end_of_record
TN:
SF:client/components/StoryForm-Interactions/StoryFormSubmit.jsx
FN:5,(anonymous_0)
FN:6,(anonymous_1)
FNF:2
FNH:1
FNDA:1,(anonymous_0)
FNDA:0,(anonymous_1)
DA:5,4
DA:6,1
DA:7,0
DA:8,0
DA:9,0
DA:10,0
DA:11,0
DA:12,0
DA:13,0
DA:21,0
DA:23,0
DA:26,1
DA:35,4
DA:38,4
LF:14
LH:5
BRDA:13,0,0,0
BRDA:13,0,1,0
BRDA:14,1,0,0
BRDA:14,1,1,0
BRDA:14,1,2,0
BRDA:14,1,3,0
BRDA:14,1,4,0
BRF:7
BRH:0
end_of_record
TN:
SF:client/components/SubStory-Interactions/ShowSubForm.jsx
FN:5,(anonymous_0)
FNF:1
FNH:1
FNDA:1,(anonymous_0)
DA:5,4
DA:6,1
DA:7,1
DA:16,4
DA:19,4
LF:5
LH:5
BRF:0
BRH:0
end_of_record
TN:
SF:client/components/SubStory-Interactions/ShowSubStories.jsx
FN:5,(anonymous_0)
FNF:1
FNH:1
FNDA:1,(anonymous_0)
DA:5,4
DA:6,1
DA:7,1
DA:16,4
DA:20,4
LF:5
LH:5
BRF:0
BRH:0
end_of_record
TN:
SF:client/components/SubStoryForm-Interactions/SubStorySubmit.jsx
FN:5,(anonymous_0)
FN:6,(anonymous_1)
FNF:2
FNH:1
FNDA:1,(anonymous_0)
FNDA:0,(anonymous_1)
DA:5,4
DA:6,1
DA:7,0
DA:8,0
DA:9,0
DA:10,0
DA:11,0
DA:12,0
DA:13,0
DA:21,0
DA:23,0
DA:26,1
DA:36,4
DA:39,4
LF:14
LH:5
BRDA:13,0,0,0
BRDA:13,0,1,0
BRDA:14,1,0,0
BRDA:14,1,1,0
BRDA:14,1,2,0
BRDA:14,1,3,0
BRDA:14,1,4,0
BRF:7
BRH:0
end_of_record
TN:
SF:client/components/SubStoryList-Interactions/GoBack.jsx
FN:5,(anonymous_0)
FNF:1
FNH:1
FNDA:1,(anonymous_0)
DA:5,5
DA:6,1
DA:7,1
DA:17,5
DA:20,5
LF:5
LH:5
BRF:0
BRH:0
end_of_record
TN:
SF:client/components/SubStoryList-Interactions/SubStoryListItem.jsx
FN:5,(anonymous_0)
FN:7,(anonymous_1)
FN:9,(anonymous_2)
FN:12,(anonymous_3)
FN:16,(anonymous_4)
FNF:5
FNH:2
FNDA:1,(anonymous_0)
FNDA:0,(anonymous_1)
FNDA:0,(anonymous_2)
FNDA:0,(anonymous_3)
FNDA:2,(anonymous_4)
DA:5,5
DA:6,1
DA:7,1
DA:8,0
DA:10,0
DA:13,0
DA:16,2
DA:17,1
DA:25,5
DA:29,5
LF:10
LH:7
BRF:0
BRH:0
end_of_record
TN:
SF:client/components/SubStoryList-Interactions/SubstorySort.jsx
FN:5,(anonymous_0)
FN:8,(anonymous_1)
FN:9,(anonymous_2)
FN:12,(anonymous_3)
FN:13,(anonymous_4)
FN:16,(anonymous_5)
FN:17,(anonymous_6)
FN:20,(anonymous_7)
FN:21,(anonymous_8)
FNF:9
FNH:1
FNDA:1,(anonymous_0)
FNDA:0,(anonymous_1)
FNDA:0,(anonymous_2)
FNDA:0,(anonymous_3)
FNDA:0,(anonymous_4)
FNDA:0,(anonymous_5)
FNDA:0,(anonymous_6)
FNDA:0,(anonymous_7)
FNDA:0,(anonymous_8)
DA:5,5
DA:6,1
DA:7,1
DA:8,1
DA:9,0
DA:10,0
DA:12,1
DA:13,0
DA:14,0
DA:16,1
DA:17,0
DA:18,0
DA:20,1
DA:21,0
DA:22,0
DA:25,1
DA:34,5
DA:38,5
LF:18
LH:10
BRF:0
BRH:0
end_of_record
TN:
SF:client/components/SubStoryRender-Interactions/SubStoryDislike.jsx
FN:7,(anonymous_0)
FN:10,(anonymous_1)
FN:17,(anonymous_2)
FN:20,(anonymous_3)
FNF:4
FNH:1
FNDA:1,(anonymous_0)
FNDA:0,(anonymous_1)
FNDA:0,(anonymous_2)
FNDA:0,(anonymous_3)
DA:7,6
DA:8,1
DA:10,1
DA:11,0
DA:12,0
DA:13,0
DA:18,0
DA:21,0
DA:25,0
DA:29,1
DA:37,6
DA:51,6
LF:12
LH:6
BRDA:12,0,0,0
BRDA:12,0,1,0
BRF:2
BRH:0
end_of_record
TN:
SF:client/components/SubStoryRender-Interactions/SubStoryLike.jsx
FN:7,(anonymous_0)
FN:10,(anonymous_1)
FN:17,(anonymous_2)
FN:20,(anonymous_3)
FNF:4
FNH:1
FNDA:1,(anonymous_0)
FNDA:0,(anonymous_1)
FNDA:0,(anonymous_2)
FNDA:0,(anonymous_3)
DA:7,6
DA:8,1
DA:10,1
DA:11,0
DA:12,0
DA:13,0
DA:18,0
DA:21,0
DA:25,0
DA:29,1
DA:37,6
DA:51,6
LF:12
LH:6
BRDA:12,0,0,0
BRDA:12,0,1,0
BRF:2
BRH:0
end_of_record
